2023-06-07 00:12:21.715  INFO 4228 --- [MessageBroker-3] o.s.w.s.c.WebSocketMessageBrokerStats    : WebSocketSession[0 current WS(0)-HttpStream(0)-HttpPoll(0), 0 total, 0 closed abnormally (0 connect failure, 0 send limit, 0 transport error)], stompSubProtocol[processed CONNECT(0)-CONNECTED(0)-DISCONNECT(0)], stompBrokerRelay[null], inboundChannel[pool size = 0, active threads = 0, queued tasks = 0, completed tasks = 0], outboundChannel[pool size = 0, active threads = 0, queued tasks = 0, completed tasks = 0], sockJsScheduler[pool size = 12, active threads = 1, queued tasks = 0, completed tasks = 27]
2023-06-07 10:57:04.890  INFO 18984 --- [restartedMain] com.example.vms.VmsApplication           : Starting VmsApplication using Java 13.0.13 on DESKTOP-UB8ROF6 with PID 18984 (D:\BE_Shop\vms\build\classes\java\main started by welcome in D:\BE_Shop\vms)
2023-06-07 10:57:04.895  INFO 18984 --- [restartedMain] com.example.vms.VmsApplication           : No active profile set, falling back to default profiles: default
2023-06-07 10:57:04.983  INFO 18984 --- [restartedMain] .e.DevToolsPropertyDefaultsPostProcessor : Devtools property defaults active! Set 'spring.devtools.add-properties' to 'false' to disable
2023-06-07 10:57:04.984  INFO 18984 --- [restartedMain] .e.DevToolsPropertyDefaultsPostProcessor : For additional web related logging consider setting the 'logging.level.web' property to 'DEBUG'
2023-06-07 10:57:06.357  INFO 18984 --- [restartedMain] .s.d.r.c.RepositoryConfigurationDelegate : Multiple Spring Data modules found, entering strict repository configuration mode!
2023-06-07 10:57:06.359  INFO 18984 --- [restartedMain] .s.d.r.c.RepositoryConfigurationDelegate : Bootstrapping Spring Data JDBC repositories in DEFAULT mode.
2023-06-07 10:57:06.406  INFO 18984 --- [restartedMain] .RepositoryConfigurationExtensionSupport : Spring Data JDBC - Could not safely identify store assignment for repository candidate interface com.example.vms.data.repository.ProductRepository. If you want this repository to be a JDBC repository, consider annotating your entities with one of these annotations: org.springframework.data.relational.core.mapping.Table.
2023-06-07 10:57:06.408  INFO 18984 --- [restartedMain] .RepositoryConfigurationExtensionSupport : Spring Data JDBC - Could not safely identify store assignment for repository candidate interface com.example.vms.data.repository.UserRepository. If you want this repository to be a JDBC repository, consider annotating your entities with one of these annotations: org.springframework.data.relational.core.mapping.Table.
2023-06-07 10:57:06.410  INFO 18984 --- [restartedMain] .RepositoryConfigurationExtensionSupport : Spring Data JDBC - Could not safely identify store assignment for repository candidate interface com.example.vms.data.repository.VMCategoryRepository. If you want this repository to be a JDBC repository, consider annotating your entities with one of these annotations: org.springframework.data.relational.core.mapping.Table.
2023-06-07 10:57:06.411  INFO 18984 --- [restartedMain] .RepositoryConfigurationExtensionSupport : Spring Data JDBC - Could not safely identify store assignment for repository candidate interface com.example.vms.data.repository.VmSingRepository. If you want this repository to be a JDBC repository, consider annotating your entities with one of these annotations: org.springframework.data.relational.core.mapping.Table.
2023-06-07 10:57:06.412  INFO 18984 --- [restartedMain] .s.d.r.c.RepositoryConfigurationDelegate : Finished Spring Data repository scanning in 47 ms. Found 0 JDBC repository interfaces.
2023-06-07 10:57:06.423  INFO 18984 --- [restartedMain] .s.d.r.c.RepositoryConfigurationDelegate : Multiple Spring Data modules found, entering strict repository configuration mode!
2023-06-07 10:57:06.424  INFO 18984 --- [restartedMain] .s.d.r.c.RepositoryConfigurationDelegate : Bootstrapping Spring Data JPA repositories in DEFERRED mode.
2023-06-07 10:57:06.472  INFO 18984 --- [restartedMain] .s.d.r.c.RepositoryConfigurationDelegate : Finished Spring Data repository scanning in 43 ms. Found 4 JPA repository interfaces.
2023-06-07 10:57:06.921  INFO 18984 --- [restartedMain] trationDelegate$BeanPostProcessorChecker : Bean 'org.springframework.security.access.expression.method.DefaultMethodSecurityExpressionHandler@1ee482bf' of type [org.springframework.security.access.expression.method.DefaultMethodSecurityExpressionHandler] is not eligible for getting processed by all BeanPostProcessors (for example: not eligible for auto-proxying)
2023-06-07 10:57:06.931  INFO 18984 --- [restartedMain] trationDelegate$BeanPostProcessorChecker : Bean 'methodSecurityMetadataSource' of type [org.springframework.security.access.method.DelegatingMethodSecurityMetadataSource] is not eligible for getting processed by all BeanPostProcessors (for example: not eligible for auto-proxying)
2023-06-07 10:57:07.390  INFO 18984 --- [restartedMain] o.s.b.w.embedded.tomcat.TomcatWebServer  : Tomcat initialized with port(s): 9090 (http)
2023-06-07 10:57:07.407  INFO 18984 --- [restartedMain] o.apache.catalina.core.StandardService   : Starting service [Tomcat]
2023-06-07 10:57:07.407  INFO 18984 --- [restartedMain] org.apache.catalina.core.StandardEngine  : Starting Servlet engine: [Apache Tomcat/9.0.39]
2023-06-07 10:57:07.504  INFO 18984 --- [restartedMain] o.a.c.c.C.[Tomcat].[localhost].[/]       : Initializing Spring embedded WebApplicationContext
2023-06-07 10:57:07.504  INFO 18984 --- [restartedMain] w.s.c.ServletWebServerApplicationContext : Root WebApplicationContext: initialization completed in 2519 ms
2023-06-07 10:57:07.585  WARN 18984 --- [restartedMain] JpaBaseConfiguration$JpaWebConfiguration : spring.jpa.open-in-view is enabled by default. Therefore, database queries may be performed during view rendering. Explicitly configure spring.jpa.open-in-view to disable this warning
2023-06-07 10:57:07.726  INFO 18984 --- [restartedMain] o.hibernate.jpa.internal.util.LogHelper  : HHH000204: Processing PersistenceUnitInfo [name: default]
2023-06-07 10:57:07.799  INFO 18984 --- [restartedMain] org.hibernate.Version                    : HHH000412: Hibernate ORM core version 5.4.23.Final
2023-06-07 10:57:07.985  INFO 18984 --- [restartedMain] o.hibernate.annotations.common.Version   : HCANN000001: Hibernate Commons Annotations {5.1.2.Final}
2023-06-07 10:57:08.109  INFO 18984 --- [restartedMain] com.zaxxer.hikari.HikariDataSource       : HikariPool-1 - Starting...
2023-06-07 10:57:11.312  INFO 18984 --- [restartedMain] com.zaxxer.hikari.HikariDataSource       : HikariPool-1 - Start completed.
2023-06-07 10:57:11.335  INFO 18984 --- [restartedMain] org.hibernate.dialect.Dialect            : HHH000400: Using dialect: org.hibernate.dialect.PostgreSQLDialect
2023-06-07 10:57:17.460  INFO 18984 --- [restartedMain] o.h.e.t.j.p.i.JtaPlatformInitiator       : HHH000490: Using JtaPlatform implementation: [org.hibernate.engine.transaction.jta.platform.internal.NoJtaPlatform]
2023-06-07 10:57:17.469  INFO 18984 --- [restartedMain] j.LocalContainerEntityManagerFactoryBean : Initialized JPA EntityManagerFactory for persistence unit 'default'
2023-06-07 10:57:17.658  INFO 18984 --- [restartedMain] o.s.b.d.a.OptionalLiveReloadServer       : LiveReload server is running on port 35729
2023-06-07 10:57:17.973  INFO 18984 --- [restartedMain] o.s.s.concurrent.ThreadPoolTaskExecutor  : Initializing ExecutorService 'clientInboundChannelExecutor'
2023-06-07 10:57:17.980  INFO 18984 --- [restartedMain] o.s.s.concurrent.ThreadPoolTaskExecutor  : Initializing ExecutorService 'clientOutboundChannelExecutor'
2023-06-07 10:57:17.992  INFO 18984 --- [restartedMain] o.s.s.c.ThreadPoolTaskScheduler          : Initializing ExecutorService 'messageBrokerTaskScheduler'
2023-06-07 10:57:18.225  INFO 18984 --- [restartedMain] o.s.s.web.DefaultSecurityFilterChain     : Will secure any request with [org.springframework.security.web.context.request.async.WebAsyncManagerIntegrationFilter@14eb494d, org.springframework.security.web.context.SecurityContextPersistenceFilter@40903bc, org.springframework.security.web.header.HeaderWriterFilter@1ff677d, org.springframework.web.filter.CorsFilter@43bc27a7, org.springframework.security.web.authentication.logout.LogoutFilter@3719e20c, com.example.vms.app.security.JwtAuthenticationFilter@6514b63, org.springframework.security.web.savedrequest.RequestCacheAwareFilter@31df3076, org.springframework.security.web.servletapi.SecurityContextHolderAwareRequestFilter@671706e5, org.springframework.security.web.authentication.AnonymousAuthenticationFilter@2db46fdf, org.springframework.security.web.session.SessionManagementFilter@5feb1d36, org.springframework.security.web.access.ExceptionTranslationFilter@6fb92c57, org.springframework.security.web.access.intercept.FilterSecurityInterceptor@2c91f036]
2023-06-07 10:57:18.252  INFO 18984 --- [restartedMain] o.s.s.concurrent.ThreadPoolTaskExecutor  : Initializing ExecutorService 'brokerChannelExecutor'
2023-06-07 10:57:18.469  WARN 18984 --- [restartedMain] ion$DefaultTemplateResolverConfiguration : Cannot find template location: classpath:/templates/ (please add some templates or check your Thymeleaf configuration)
2023-06-07 10:57:19.040  INFO 18984 --- [restartedMain] o.s.b.w.embedded.tomcat.TomcatWebServer  : Tomcat started on port(s): 9090 (http) with context path ''
2023-06-07 10:57:19.042  INFO 18984 --- [restartedMain] o.s.m.s.b.SimpleBrokerMessageHandler     : Starting...
2023-06-07 10:57:19.042  INFO 18984 --- [restartedMain] o.s.m.s.b.SimpleBrokerMessageHandler     : BrokerAvailabilityEvent[available=true, SimpleBrokerMessageHandler [org.springframework.messaging.simp.broker.DefaultSubscriptionRegistry@34685de]]
2023-06-07 10:57:19.043  INFO 18984 --- [restartedMain] o.s.m.s.b.SimpleBrokerMessageHandler     : Started.
2023-06-07 10:57:19.043  INFO 18984 --- [restartedMain] DeferredRepositoryInitializationListener : Triggering deferred initialization of Spring Data repositories…
2023-06-07 10:57:19.621  INFO 18984 --- [restartedMain] DeferredRepositoryInitializationListener : Spring Data repositories initialized!
2023-06-07 10:57:19.631  INFO 18984 --- [restartedMain] com.example.vms.VmsApplication           : Started VmsApplication in 15.315 seconds (JVM running for 19.067)
2023-06-07 10:58:18.261  INFO 18984 --- [MessageBroker-1] o.s.w.s.c.WebSocketMessageBrokerStats    : WebSocketSession[0 current WS(0)-HttpStream(0)-HttpPoll(0), 0 total, 0 closed abnormally (0 connect failure, 0 send limit, 0 transport error)], stompSubProtocol[processed CONNECT(0)-CONNECTED(0)-DISCONNECT(0)], stompBrokerRelay[null], inboundChannel[pool size = 0, active threads = 0, queued tasks = 0, completed tasks = 0], outboundChannel[pool size = 0, active threads = 0, queued tasks = 0, completed tasks = 0], sockJsScheduler[pool size = 1, active threads = 1, queued tasks = 0, completed tasks = 0]
2023-06-07 11:01:07.789  INFO 18984 --- [http-nio-9090-exec-1] o.a.c.c.C.[Tomcat].[localhost].[/]       : Initializing Spring DispatcherServlet 'dispatcherServlet'
2023-06-07 11:01:07.790  INFO 18984 --- [http-nio-9090-exec-1] o.s.web.servlet.DispatcherServlet        : Initializing Servlet 'dispatcherServlet'
2023-06-07 11:01:07.791  INFO 18984 --- [http-nio-9090-exec-1] o.s.web.servlet.DispatcherServlet        : Completed initialization in 1 ms
2023-06-07 11:28:18.273  INFO 18984 --- [MessageBroker-1] o.s.w.s.c.WebSocketMessageBrokerStats    : WebSocketSession[0 current WS(0)-HttpStream(0)-HttpPoll(0), 0 total, 0 closed abnormally (0 connect failure, 0 send limit, 0 transport error)], stompSubProtocol[processed CONNECT(0)-CONNECTED(0)-DISCONNECT(0)], stompBrokerRelay[null], inboundChannel[pool size = 0, active threads = 0, queued tasks = 0, completed tasks = 0], outboundChannel[pool size = 0, active threads = 0, queued tasks = 0, completed tasks = 0], sockJsScheduler[pool size = 2, active threads = 1, queued tasks = 0, completed tasks = 1]
