#
# There is insufficient memory for the Java Runtime Environment to continue.
# Native memory allocation (malloc) failed to allocate 1042416 bytes for Chunk::new
# Possible reasons:
#   The system is out of physical RAM or swap space
#   The process is running with CompressedOops enabled, and the Java Heap may be blocking the growth of the native heap
# Possible solutions:
#   Reduce memory load on the system
#   Increase physical memory or swap space
#   Check if swap backing store is full
#   Decrease Java heap size (-Xmx/-Xms)
#   Decrease number of Java threads
#   Decrease Java thread stack sizes (-Xss)
#   Set larger code cache with -XX:ReservedCodeCacheSize=
#   JVM is running with Zero Based Compressed Oops mode in which the Java heap is
#     placed in the first 32GB address space. The Java Heap base address is the
#     maximum limit for the native heap growth. Please use -XX:HeapBaseMinAddress
#     to set the Java Heap base and to place the Java Heap above 32GB virtual address.
# This output file may be truncated or incomplete.
#
#  Out of Memory Error (./src/hotspot/share/memory/arena.cpp:196), pid=10720, tid=17656
#
# JRE version: OpenJDK Runtime Environment Zulu13.52+15-CA (13.0.13+5) (build 13.0.13+5-MTS)
# Java VM: OpenJDK 64-Bit Server VM Zulu13.52+15-CA (13.0.13+5-MTS, mixed mode, sharing, tiered, compressed oops, g1 gc, windows-amd64)
# No core dump will be written. Minidumps are not enabled by default on client versions of Windows
#

---------------  S U M M A R Y ------------

Command Line: -Dfile.encoding=windows-1252 -Duser.country=US -Duser.language=en -Duser.variant com.example.vms.VmsApplication

Host: Intel(R) Core(TM) i5-10400 CPU @ 2.90GHz, 12 cores, 15G,  Windows 10 , 64 bit Build 19041 (10.0.19041.3031)
Time: Fri Aug  4 14:56:42 2023 SE Asia Standard Time elapsed time: 5.691073 seconds (0d 0h 0m 5s)

---------------  T H R E A D  ---------------

Current thread (0x000002a6ebf9f000):  JavaThread "C2 CompilerThread1" daemon [_thread_in_native, id=17656, stack(0x000000c17f800000,0x000000c17f900000)]


Current CompileTask:
C2:   5691 5227   !   4       org.springframework.core.annotation.AnnotationsScanner::processMethodHierarchy (276 bytes)

Stack: [0x000000c17f800000,0x000000c17f900000]
Native frames: (J=compiled Java code, j=interpreted, Vv=VM code, C=native code)
V  [jvm.dll+0x637d3a]
V  [jvm.dll+0x7e508a]
V  [jvm.dll+0x7e6743]
V  [jvm.dll+0x7e6d83]
V  [jvm.dll+0x2504b8]
V  [jvm.dll+0xc5097]
V  [jvm.dll+0xc578c]
V  [jvm.dll+0x2c3274]
V  [jvm.dll+0x5516ed]
V  [jvm.dll+0x2121e6]
V  [jvm.dll+0x20bbba]
V  [jvm.dll+0x20924d]
V  [jvm.dll+0x18df0c]
V  [jvm.dll+0x21855d]
V  [jvm.dll+0x2167ab]
V  [jvm.dll+0x7a9776]
V  [jvm.dll+0x7a26da]
V  [jvm.dll+0x636b96]
C  [ucrtbase.dll+0x21bb2]
C  [KERNEL32.DLL+0x17614]
C  [ntdll.dll+0x526f1]


---------------  P R O C E S S  ---------------

Threads class SMR info:
_java_thread_list=0x000002a6ecb1a2e0, length=21, elements={
0x000002a6c5372800, 0x000002a6eb43a000, 0x000002a6eb43d800, 0x000002a6ebce8000,
0x000002a6ebce9800, 0x000002a6ebceb000, 0x000002a6ebcec800, 0x000002a6ebcf1800,
0x000002a6ebcff000, 0x000002a6ebe7d000, 0x000002a6ebf9f000, 0x000002a6ecc6f000,
0x000002a6ecef2000, 0x000002a6eeb6c800, 0x000002a6f11a8000, 0x000002a6f2c57000,
0x000002a6eeae3800, 0x000002a6f0d3b800, 0x000002a6f3c26800, 0x000002a6f3c24000,
0x000002a6f3c23000
}

Java Threads: ( => current thread )
  0x000002a6c5372800 JavaThread "main" [_thread_blocked, id=18688, stack(0x000000c17e700000,0x000000c17e800000)]
  0x000002a6eb43a000 JavaThread "Reference Handler" daemon [_thread_blocked, id=16456, stack(0x000000c17ee00000,0x000000c17ef00000)]
  0x000002a6eb43d800 JavaThread "Finalizer" daemon [_thread_blocked, id=24784, stack(0x000000c17ef00000,0x000000c17f000000)]
  0x000002a6ebce8000 JavaThread "Signal Dispatcher" daemon [_thread_blocked, id=14528, stack(0x000000c17f000000,0x000000c17f100000)]
  0x000002a6ebce9800 JavaThread "Attach Listener" daemon [_thread_blocked, id=4736, stack(0x000000c17f100000,0x000000c17f200000)]
  0x000002a6ebceb000 JavaThread "Service Thread" daemon [_thread_blocked, id=12756, stack(0x000000c17f200000,0x000000c17f300000)]
  0x000002a6ebcec800 JavaThread "C2 CompilerThread0" daemon [_thread_in_native, id=18088, stack(0x000000c17f300000,0x000000c17f400000)]
  0x000002a6ebcf1800 JavaThread "C1 CompilerThread0" daemon [_thread_blocked, id=22532, stack(0x000000c17f400000,0x000000c17f500000)]
  0x000002a6ebcff000 JavaThread "Sweeper thread" daemon [_thread_blocked, id=13616, stack(0x000000c17f500000,0x000000c17f600000)]
  0x000002a6ebe7d000 JavaThread "Common-Cleaner" daemon [_thread_blocked, id=18060, stack(0x000000c17f700000,0x000000c17f800000)]
=>0x000002a6ebf9f000 JavaThread "C2 CompilerThread1" daemon [_thread_in_native, id=17656, stack(0x000000c17f800000,0x000000c17f900000)]
  0x000002a6ecc6f000 JavaThread "Thread-0" [_thread_blocked, id=25564, stack(0x000000c17fa00000,0x000000c17fb00000)]
  0x000002a6ecef2000 JavaThread "restartedMain" [_thread_in_vm, id=17340, stack(0x000000c17fb00000,0x000000c17fc00000)]
  0x000002a6eeb6c800 Thread [stack: 0x000000c100400000,0x000000c100500000] [id=25736]
  0x000002a6f11a8000 Thread [stack: 0x000000c100500000,0x000000c100600000] [id=14052]
  0x000002a6f2c57000 JavaThread "C2 CompilerThread2" daemon [_thread_in_native, id=20120, stack(0x000000c100700000,0x000000c100800000)]
  0x000002a6eeae3800 JavaThread "Catalina-utility-1" [_thread_blocked, id=18216, stack(0x000000c100800000,0x000000c100900000)]
  0x000002a6f0d3b800 JavaThread "Catalina-utility-2" [_thread_blocked, id=8716, stack(0x000000c100900000,0x000000c100a00000)]
  0x000002a6f3c26800 JavaThread "container-0" [_thread_blocked, id=16488, stack(0x000000c100a00000,0x000000c100b00000)]
  0x000002a6f3c24000 JavaThread "Live Reload Server" daemon [_thread_in_native, id=25676, stack(0x000000c100c00000,0x000000c100d00000)]
  0x000002a6f3c23000 JavaThread "HikariPool-1 connection closer" daemon [_thread_in_Java, id=15272, stack(0x000000c100b00000,0x000000c100c00000)]

Other Threads:
  0x000002a6eb438000 VMThread "VM Thread" [stack: 0x000000c17ed00000,0x000000c17ee00000] [id=3268]
  0x000002a6ebe7a800 WatcherThread [stack: 0x000000c17f600000,0x000000c17f700000] [id=25988]
  0x000002a6c53df000 GCTaskThread "GC Thread#0" [stack: 0x000000c17e800000,0x000000c17e900000] [id=13768]
  0x000002a6ecf09800 GCTaskThread "GC Thread#1" [stack: 0x000000c17fc00000,0x000000c17fd00000] [id=21812]
  0x000002a6ecc2c000 GCTaskThread "GC Thread#2" [stack: 0x000000c17fd00000,0x000000c17fe00000] [id=3348]
  0x000002a6ecc2d800 GCTaskThread "GC Thread#3" [stack: 0x000000c17fe00000,0x000000c17ff00000] [id=21384]
  0x000002a6ecc2a000 GCTaskThread "GC Thread#4" [stack: 0x000000c17ff00000,0x000000c180000000] [id=22580]
  0x000002a6ecc27000 GCTaskThread "GC Thread#5" [stack: 0x000000c100000000,0x000000c100100000] [id=7204]
  0x000002a6c5400000 ConcurrentGCThread "G1 Main Marker" [stack: 0x000000c17e900000,0x000000c17ea00000] [id=14016]
  0x000002a6c5402000 ConcurrentGCThread "G1 Conc#0" [stack: 0x000000c17ea00000,0x000000c17eb00000] [id=20312]
  0x000002a6ecc28800 ConcurrentGCThread "G1 Conc#1" [stack: 0x000000c100100000,0x000000c100200000] [id=23292]
  0x000002a6ecc29000 ConcurrentGCThread "G1 Conc#2" [stack: 0x000000c100200000,0x000000c100300000] [id=10052]
  0x000002a6eb331800 ConcurrentGCThread "G1 Refine#0" [stack: 0x000000c17eb00000,0x000000c17ec00000] [id=15508]
  0x000002a6eb333800 ConcurrentGCThread "G1 Young RemSet Sampling" [stack: 0x000000c17ec00000,0x000000c17ed00000] [id=4404]

Threads with active compile tasks:
C2 CompilerThread0     5727 5236       4       org.springframework.util.ReflectionUtils::findMethod (109 bytes)
C2 CompilerThread1     5727 5227   !   4       org.springframework.core.annotation.AnnotationsScanner::processMethodHierarchy (276 bytes)
C2 CompilerThread2     5727 5133       4       org.springframework.beans.factory.support.AbstractBeanFactory::isTypeMatch (607 bytes)

VM state:at safepoint (normal execution)

VM Mutex/Monitor currently owned by a thread: None

Heap address: 0x0000000702a00000, size: 4054 MB, Compressed Oops mode: Zero based, Oop shift amount: 3
Narrow klass base: 0x0000000800000000, Narrow klass shift: 3
Compressed class space size: 1073741824 Address: 0x0000000800b10000

Heap:
 garbage-first heap   total 154624K, used 66197K [0x0000000702a00000, 0x0000000800000000)
  region size 1024K, 47 young (48128K), 2 survivors (2048K)
 Metaspace       used 50028K, capacity 51238K, committed 51484K, reserved 1093632K
  class space    used 6706K, capacity 7183K, committed 7276K, reserved 1048576K
Heap Regions: E=young(eden), S=young(survivor), O=old, HS=humongous(starts), HC=humongous(continues), CS=collection set, F=free, A=archive, TAMS=top-at-mark-start (previous, next)
|   0|0x0000000702a00000, 0x0000000702b00000, 0x0000000702b00000|100%|HS|  |TAMS 0x0000000702b00000, 0x0000000702a00000| Complete 
|   1|0x0000000702b00000, 0x0000000702c00000, 0x0000000702c00000|100%| O|  |TAMS 0x0000000702c00000, 0x0000000702b00000| Untracked 
|   2|0x0000000702c00000, 0x0000000702d00000, 0x0000000702d00000|100%| O|  |TAMS 0x0000000702d00000, 0x0000000702c00000| Untracked 
|   3|0x0000000702d00000, 0x0000000702d84600, 0x0000000702e00000| 51%| O|  |TAMS 0x0000000702d84600, 0x0000000702d00000| Untracked 
|   4|0x0000000702e00000, 0x0000000702f00000, 0x0000000702f00000|100%| O|  |TAMS 0x0000000702f00000, 0x0000000702e00000| Untracked 
|   5|0x0000000702f00000, 0x0000000703000000, 0x0000000703000000|100%| O|  |TAMS 0x0000000703000000, 0x0000000702f00000| Untracked 
|   6|0x0000000703000000, 0x0000000703100000, 0x0000000703100000|100%| O|  |TAMS 0x0000000703100000, 0x0000000703000000| Untracked 
|   7|0x0000000703100000, 0x0000000703200000, 0x0000000703200000|100%| O|  |TAMS 0x0000000703200000, 0x0000000703100000| Untracked 
|   8|0x0000000703200000, 0x0000000703300000, 0x0000000703300000|100%| O|  |TAMS 0x0000000703300000, 0x0000000703200000| Untracked 
|   9|0x0000000703300000, 0x0000000703400000, 0x0000000703400000|100%| O|  |TAMS 0x0000000703400000, 0x0000000703300000| Untracked 
|  10|0x0000000703400000, 0x0000000703500000, 0x0000000703500000|100%| O|  |TAMS 0x0000000703500000, 0x0000000703400000| Untracked 
|  11|0x0000000703500000, 0x0000000703600000, 0x0000000703600000|100%| O|  |TAMS 0x0000000703600000, 0x0000000703500000| Untracked 
|  12|0x0000000703600000, 0x0000000703700000, 0x0000000703700000|100%| O|  |TAMS 0x0000000703700000, 0x0000000703600000| Untracked 
|  13|0x0000000703700000, 0x0000000703800000, 0x0000000703800000|100%| O|  |TAMS 0x0000000703800000, 0x0000000703700000| Untracked 
|  14|0x0000000703800000, 0x0000000703900000, 0x0000000703900000|100%| O|  |TAMS 0x0000000703900000, 0x0000000703800000| Untracked 
|  15|0x0000000703900000, 0x0000000703a00000, 0x0000000703a00000|100%| O|  |TAMS 0x0000000703a00000, 0x0000000703900000| Untracked 
|  16|0x0000000703a00000, 0x0000000703b00000, 0x0000000703b00000|100%| O|  |TAMS 0x0000000703a6a800, 0x0000000703a00000| Untracked 
|  17|0x0000000703b00000, 0x0000000703c00000, 0x0000000703c00000|100%| O|  |TAMS 0x0000000703b00000, 0x0000000703b00000| Untracked 
|  18|0x0000000703c00000, 0x0000000703d00000, 0x0000000703d00000|100%| O|  |TAMS 0x0000000703c00000, 0x0000000703c00000| Untracked 
|  19|0x0000000703d00000, 0x0000000703d4f600, 0x0000000703e00000| 31%| O|  |TAMS 0x0000000703d00000, 0x0000000703d00000| Untracked 
|  20|0x0000000703e00000, 0x0000000703e00000, 0x0000000703f00000|  0%| F|  |TAMS 0x0000000703e00000, 0x0000000703e00000| Untracked 
|  21|0x0000000703f00000, 0x0000000703f00000, 0x0000000704000000|  0%| F|  |TAMS 0x0000000703f00000, 0x0000000703f00000| Untracked 
|  22|0x0000000704000000, 0x0000000704000000, 0x0000000704100000|  0%| F|  |TAMS 0x0000000704000000, 0x0000000704000000| Untracked 
|  23|0x0000000704100000, 0x0000000704100000, 0x0000000704200000|  0%| F|  |TAMS 0x0000000704100000, 0x0000000704100000| Untracked 
|  24|0x0000000704200000, 0x0000000704200000, 0x0000000704300000|  0%| F|  |TAMS 0x0000000704200000, 0x0000000704200000| Untracked 
|  25|0x0000000704300000, 0x0000000704300000, 0x0000000704400000|  0%| F|  |TAMS 0x0000000704300000, 0x0000000704300000| Untracked 
|  26|0x0000000704400000, 0x00000007044d19d0, 0x0000000704500000| 81%| S|CS|TAMS 0x0000000704400000, 0x0000000704400000| Complete 
|  27|0x0000000704500000, 0x0000000704600000, 0x0000000704600000|100%| S|CS|TAMS 0x0000000704500000, 0x0000000704500000| Complete 
|  28|0x0000000704600000, 0x0000000704600000, 0x0000000704700000|  0%| F|  |TAMS 0x0000000704600000, 0x0000000704600000| Untracked 
|  29|0x0000000704700000, 0x0000000704700000, 0x0000000704800000|  0%| F|  |TAMS 0x0000000704700000, 0x0000000704700000| Untracked 
|  30|0x0000000704800000, 0x0000000704800000, 0x0000000704900000|  0%| F|  |TAMS 0x0000000704800000, 0x0000000704800000| Untracked 
|  31|0x0000000704900000, 0x0000000704900000, 0x0000000704a00000|  0%| F|  |TAMS 0x0000000704900000, 0x0000000704900000| Untracked 
|  32|0x0000000704a00000, 0x0000000704a00000, 0x0000000704b00000|  0%| F|  |TAMS 0x0000000704a00000, 0x0000000704a00000| Untracked 
|  33|0x0000000704b00000, 0x0000000704b00000, 0x0000000704c00000|  0%| F|  |TAMS 0x0000000704b00000, 0x0000000704b00000| Untracked 
|  34|0x0000000704c00000, 0x0000000704c00000, 0x0000000704d00000|  0%| F|  |TAMS 0x0000000704c00000, 0x0000000704c00000| Untracked 
|  35|0x0000000704d00000, 0x0000000704d00000, 0x0000000704e00000|  0%| F|  |TAMS 0x0000000704d00000, 0x0000000704d00000| Untracked 
|  36|0x0000000704e00000, 0x0000000704e00000, 0x0000000704f00000|  0%| F|  |TAMS 0x0000000704e00000, 0x0000000704e00000| Untracked 
|  37|0x0000000704f00000, 0x0000000704f00000, 0x0000000705000000|  0%| F|  |TAMS 0x0000000704f00000, 0x0000000704f00000| Untracked 
|  38|0x0000000705000000, 0x0000000705000000, 0x0000000705100000|  0%| F|  |TAMS 0x0000000705000000, 0x0000000705000000| Untracked 
|  39|0x0000000705100000, 0x0000000705100000, 0x0000000705200000|  0%| F|  |TAMS 0x0000000705100000, 0x0000000705100000| Untracked 
|  40|0x0000000705200000, 0x0000000705200000, 0x0000000705300000|  0%| F|  |TAMS 0x0000000705200000, 0x0000000705200000| Untracked 
|  41|0x0000000705300000, 0x0000000705300000, 0x0000000705400000|  0%| F|  |TAMS 0x0000000705300000, 0x0000000705300000| Untracked 
|  42|0x0000000705400000, 0x0000000705400000, 0x0000000705500000|  0%| F|  |TAMS 0x0000000705400000, 0x0000000705400000| Untracked 
|  43|0x0000000705500000, 0x0000000705500000, 0x0000000705600000|  0%| F|  |TAMS 0x0000000705500000, 0x0000000705500000| Untracked 
|  44|0x0000000705600000, 0x0000000705600000, 0x0000000705700000|  0%| F|  |TAMS 0x0000000705600000, 0x0000000705600000| Untracked 
|  45|0x0000000705700000, 0x0000000705700000, 0x0000000705800000|  0%| F|  |TAMS 0x0000000705700000, 0x0000000705700000| Untracked 
|  46|0x0000000705800000, 0x0000000705800000, 0x0000000705900000|  0%| F|  |TAMS 0x0000000705800000, 0x0000000705800000| Untracked 
|  47|0x0000000705900000, 0x0000000705900000, 0x0000000705a00000|  0%| F|  |TAMS 0x0000000705900000, 0x0000000705900000| Untracked 
|  48|0x0000000705a00000, 0x0000000705a00000, 0x0000000705b00000|  0%| F|  |TAMS 0x0000000705a00000, 0x0000000705a00000| Untracked 
|  49|0x0000000705b00000, 0x0000000705b00000, 0x0000000705c00000|  0%| F|  |TAMS 0x0000000705b00000, 0x0000000705b00000| Untracked 
|  50|0x0000000705c00000, 0x0000000705c00000, 0x0000000705d00000|  0%| F|  |TAMS 0x0000000705c00000, 0x0000000705c00000| Untracked 
|  51|0x0000000705d00000, 0x0000000705d00000, 0x0000000705e00000|  0%| F|  |TAMS 0x0000000705d00000, 0x0000000705d00000| Untracked 
|  52|0x0000000705e00000, 0x0000000705e00000, 0x0000000705f00000|  0%| F|  |TAMS 0x0000000705e00000, 0x0000000705e00000| Untracked 
|  53|0x0000000705f00000, 0x0000000705f00000, 0x0000000706000000|  0%| F|  |TAMS 0x0000000705f00000, 0x0000000705f00000| Untracked 
|  54|0x0000000706000000, 0x0000000706000000, 0x0000000706100000|  0%| F|  |TAMS 0x0000000706000000, 0x0000000706000000| Untracked 
|  55|0x0000000706100000, 0x0000000706100000, 0x0000000706200000|  0%| F|  |TAMS 0x0000000706100000, 0x0000000706100000| Untracked 
|  56|0x0000000706200000, 0x0000000706200000, 0x0000000706300000|  0%| F|  |TAMS 0x0000000706200000, 0x0000000706200000| Untracked 
|  57|0x0000000706300000, 0x0000000706300000, 0x0000000706400000|  0%| F|  |TAMS 0x0000000706300000, 0x0000000706300000| Untracked 
|  58|0x0000000706400000, 0x0000000706400000, 0x0000000706500000|  0%| F|  |TAMS 0x0000000706400000, 0x0000000706400000| Untracked 
|  59|0x0000000706500000, 0x0000000706500000, 0x0000000706600000|  0%| F|  |TAMS 0x0000000706500000, 0x0000000706500000| Untracked 
|  60|0x0000000706600000, 0x0000000706600000, 0x0000000706700000|  0%| F|  |TAMS 0x0000000706600000, 0x0000000706600000| Untracked 
|  61|0x0000000706700000, 0x0000000706700000, 0x0000000706800000|  0%| F|  |TAMS 0x0000000706700000, 0x0000000706700000| Untracked 
|  62|0x0000000706800000, 0x0000000706800000, 0x0000000706900000|  0%| F|  |TAMS 0x0000000706800000, 0x0000000706800000| Untracked 
|  63|0x0000000706900000, 0x0000000706900000, 0x0000000706a00000|  0%| F|  |TAMS 0x0000000706900000, 0x0000000706900000| Untracked 
|  64|0x0000000706a00000, 0x0000000706a00000, 0x0000000706b00000|  0%| F|  |TAMS 0x0000000706a00000, 0x0000000706a00000| Untracked 
|  65|0x0000000706b00000, 0x0000000706b00000, 0x0000000706c00000|  0%| F|  |TAMS 0x0000000706b00000, 0x0000000706b00000| Untracked 
|  66|0x0000000706c00000, 0x0000000706c00000, 0x0000000706d00000|  0%| F|  |TAMS 0x0000000706c00000, 0x0000000706c00000| Untracked 
|  67|0x0000000706d00000, 0x0000000706d00000, 0x0000000706e00000|  0%| F|  |TAMS 0x0000000706d00000, 0x0000000706d00000| Untracked 
|  68|0x0000000706e00000, 0x0000000706e00000, 0x0000000706f00000|  0%| F|  |TAMS 0x0000000706e00000, 0x0000000706e00000| Untracked 
|  69|0x0000000706f00000, 0x0000000706f00000, 0x0000000707000000|  0%| F|  |TAMS 0x0000000706f00000, 0x0000000706f00000| Untracked 
|  70|0x0000000707000000, 0x0000000707000000, 0x0000000707100000|  0%| F|  |TAMS 0x0000000707000000, 0x0000000707000000| Untracked 
|  71|0x0000000707100000, 0x0000000707100000, 0x0000000707200000|  0%| F|  |TAMS 0x0000000707100000, 0x0000000707100000| Untracked 
|  72|0x0000000707200000, 0x0000000707200000, 0x0000000707300000|  0%| F|  |TAMS 0x0000000707200000, 0x0000000707200000| Untracked 
|  73|0x0000000707300000, 0x0000000707300000, 0x0000000707400000|  0%| F|  |TAMS 0x0000000707300000, 0x0000000707300000| Untracked 
|  74|0x0000000707400000, 0x0000000707400000, 0x0000000707500000|  0%| F|  |TAMS 0x0000000707400000, 0x0000000707400000| Untracked 
|  75|0x0000000707500000, 0x0000000707500000, 0x0000000707600000|  0%| F|  |TAMS 0x0000000707500000, 0x0000000707500000| Untracked 
|  76|0x0000000707600000, 0x0000000707600000, 0x0000000707700000|  0%| F|  |TAMS 0x0000000707600000, 0x0000000707600000| Untracked 
|  77|0x0000000707700000, 0x0000000707700000, 0x0000000707800000|  0%| F|  |TAMS 0x0000000707700000, 0x0000000707700000| Untracked 
|  78|0x0000000707800000, 0x0000000707800000, 0x0000000707900000|  0%| F|  |TAMS 0x0000000707800000, 0x0000000707800000| Untracked 
|  79|0x0000000707900000, 0x0000000707900000, 0x0000000707a00000|  0%| F|  |TAMS 0x0000000707900000, 0x0000000707900000| Untracked 
|  80|0x0000000707a00000, 0x0000000707a00000, 0x0000000707b00000|  0%| F|  |TAMS 0x0000000707a00000, 0x0000000707a00000| Untracked 
|  81|0x0000000707b00000, 0x0000000707b00000, 0x0000000707c00000|  0%| F|  |TAMS 0x0000000707b00000, 0x0000000707b00000| Untracked 
|  82|0x0000000707c00000, 0x0000000707c00000, 0x0000000707d00000|  0%| F|  |TAMS 0x0000000707c00000, 0x0000000707c00000| Untracked 
|  83|0x0000000707d00000, 0x0000000707d00000, 0x0000000707e00000|  0%| F|  |TAMS 0x0000000707d00000, 0x0000000707d00000| Untracked 
|  84|0x0000000707e00000, 0x0000000707e00000, 0x0000000707f00000|  0%| F|  |TAMS 0x0000000707e00000, 0x0000000707e00000| Untracked 
|  85|0x0000000707f00000, 0x0000000707f00000, 0x0000000708000000|  0%| F|  |TAMS 0x0000000707f00000, 0x0000000707f00000| Untracked 
|  86|0x0000000708000000, 0x0000000708000000, 0x0000000708100000|  0%| F|  |TAMS 0x0000000708000000, 0x0000000708000000| Untracked 
|  87|0x0000000708100000, 0x0000000708100000, 0x0000000708200000|  0%| F|  |TAMS 0x0000000708100000, 0x0000000708100000| Untracked 
|  88|0x0000000708200000, 0x0000000708200000, 0x0000000708300000|  0%| F|  |TAMS 0x0000000708200000, 0x0000000708200000| Untracked 
|  89|0x0000000708300000, 0x0000000708300000, 0x0000000708400000|  0%| F|  |TAMS 0x0000000708300000, 0x0000000708300000| Untracked 
|  90|0x0000000708400000, 0x0000000708400000, 0x0000000708500000|  0%| F|  |TAMS 0x0000000708400000, 0x0000000708400000| Untracked 
|  91|0x0000000708500000, 0x0000000708500000, 0x0000000708600000|  0%| F|  |TAMS 0x0000000708500000, 0x0000000708500000| Untracked 
|  92|0x0000000708600000, 0x0000000708600000, 0x0000000708700000|  0%| F|  |TAMS 0x0000000708600000, 0x0000000708600000| Untracked 
|  93|0x0000000708700000, 0x0000000708700000, 0x0000000708800000|  0%| F|  |TAMS 0x0000000708700000, 0x0000000708700000| Untracked 
|  94|0x0000000708800000, 0x0000000708800000, 0x0000000708900000|  0%| F|  |TAMS 0x0000000708800000, 0x0000000708800000| Untracked 
|  95|0x0000000708900000, 0x0000000708900000, 0x0000000708a00000|  0%| F|  |TAMS 0x0000000708900000, 0x0000000708900000| Untracked 
|  96|0x0000000708a00000, 0x0000000708a00000, 0x0000000708b00000|  0%| F|  |TAMS 0x0000000708a00000, 0x0000000708a00000| Untracked 
|  97|0x0000000708b00000, 0x0000000708b00000, 0x0000000708c00000|  0%| F|  |TAMS 0x0000000708b00000, 0x0000000708b00000| Untracked 
|  98|0x0000000708c00000, 0x0000000708c00000, 0x0000000708d00000|  0%| F|  |TAMS 0x0000000708c00000, 0x0000000708c00000| Untracked 
|  99|0x0000000708d00000, 0x0000000708d00000, 0x0000000708e00000|  0%| F|  |TAMS 0x0000000708d00000, 0x0000000708d00000| Untracked 
| 100|0x0000000708e00000, 0x0000000708e00000, 0x0000000708f00000|  0%| F|  |TAMS 0x0000000708e00000, 0x0000000708e00000| Untracked 
| 101|0x0000000708f00000, 0x0000000708f00000, 0x0000000709000000|  0%| F|  |TAMS 0x0000000708f00000, 0x0000000708f00000| Untracked 
| 102|0x0000000709000000, 0x0000000709000000, 0x0000000709100000|  0%| F|  |TAMS 0x0000000709000000, 0x0000000709000000| Untracked 
| 103|0x0000000709100000, 0x0000000709100000, 0x0000000709200000|  0%| F|  |TAMS 0x0000000709100000, 0x0000000709100000| Untracked 
| 104|0x0000000709200000, 0x0000000709200000, 0x0000000709300000|  0%| F|  |TAMS 0x0000000709200000, 0x0000000709200000| Untracked 
| 105|0x0000000709300000, 0x0000000709300000, 0x0000000709400000|  0%| F|  |TAMS 0x0000000709300000, 0x0000000709300000| Untracked 
| 106|0x0000000709400000, 0x00000007094d1948, 0x0000000709500000| 81%| E|  |TAMS 0x0000000709400000, 0x0000000709400000| Complete 
| 107|0x0000000709500000, 0x0000000709600000, 0x0000000709600000|100%| E|CS|TAMS 0x0000000709500000, 0x0000000709500000| Complete 
| 108|0x0000000709600000, 0x0000000709700000, 0x0000000709700000|100%| E|CS|TAMS 0x0000000709600000, 0x0000000709600000| Complete 
| 109|0x0000000709700000, 0x0000000709800000, 0x0000000709800000|100%| E|CS|TAMS 0x0000000709700000, 0x0000000709700000| Complete 
| 110|0x0000000709800000, 0x0000000709900000, 0x0000000709900000|100%| E|CS|TAMS 0x0000000709800000, 0x0000000709800000| Complete 
| 111|0x0000000709900000, 0x0000000709a00000, 0x0000000709a00000|100%| E|CS|TAMS 0x0000000709900000, 0x0000000709900000| Complete 
| 112|0x0000000709a00000, 0x0000000709b00000, 0x0000000709b00000|100%| E|CS|TAMS 0x0000000709a00000, 0x0000000709a00000| Complete 
| 113|0x0000000709b00000, 0x0000000709c00000, 0x0000000709c00000|100%| E|CS|TAMS 0x0000000709b00000, 0x0000000709b00000| Complete 
| 114|0x0000000709c00000, 0x0000000709d00000, 0x0000000709d00000|100%| E|CS|TAMS 0x0000000709c00000, 0x0000000709c00000| Complete 
| 115|0x0000000709d00000, 0x0000000709e00000, 0x0000000709e00000|100%| E|CS|TAMS 0x0000000709d00000, 0x0000000709d00000| Complete 
| 116|0x0000000709e00000, 0x0000000709f00000, 0x0000000709f00000|100%| E|CS|TAMS 0x0000000709e00000, 0x0000000709e00000| Complete 
| 117|0x0000000709f00000, 0x000000070a000000, 0x000000070a000000|100%| E|CS|TAMS 0x0000000709f00000, 0x0000000709f00000| Complete 
| 118|0x000000070a000000, 0x000000070a100000, 0x000000070a100000|100%| E|CS|TAMS 0x000000070a000000, 0x000000070a000000| Complete 
| 119|0x000000070a100000, 0x000000070a200000, 0x000000070a200000|100%| E|CS|TAMS 0x000000070a100000, 0x000000070a100000| Complete 
| 120|0x000000070a200000, 0x000000070a300000, 0x000000070a300000|100%| E|CS|TAMS 0x000000070a200000, 0x000000070a200000| Complete 
| 121|0x000000070a300000, 0x000000070a400000, 0x000000070a400000|100%| E|CS|TAMS 0x000000070a300000, 0x000000070a300000| Complete 
| 122|0x000000070a400000, 0x000000070a500000, 0x000000070a500000|100%| E|CS|TAMS 0x000000070a400000, 0x000000070a400000| Complete 
| 123|0x000000070a500000, 0x000000070a600000, 0x000000070a600000|100%| E|CS|TAMS 0x000000070a500000, 0x000000070a500000| Complete 
| 124|0x000000070a600000, 0x000000070a700000, 0x000000070a700000|100%| E|CS|TAMS 0x000000070a600000, 0x000000070a600000| Complete 
| 125|0x000000070a700000, 0x000000070a800000, 0x000000070a800000|100%| E|CS|TAMS 0x000000070a700000, 0x000000070a700000| Complete 
| 126|0x000000070a800000, 0x000000070a900000, 0x000000070a900000|100%| E|CS|TAMS 0x000000070a800000, 0x000000070a800000| Complete 
| 127|0x000000070a900000, 0x000000070aa00000, 0x000000070aa00000|100%| E|CS|TAMS 0x000000070a900000, 0x000000070a900000| Complete 
| 128|0x000000070aa00000, 0x000000070ab00000, 0x000000070ab00000|100%| E|CS|TAMS 0x000000070aa00000, 0x000000070aa00000| Complete 
| 129|0x000000070ab00000, 0x000000070ac00000, 0x000000070ac00000|100%| E|CS|TAMS 0x000000070ab00000, 0x000000070ab00000| Complete 
| 130|0x000000070ac00000, 0x000000070ad00000, 0x000000070ad00000|100%| E|CS|TAMS 0x000000070ac00000, 0x000000070ac00000| Complete 
| 131|0x000000070ad00000, 0x000000070ae00000, 0x000000070ae00000|100%| E|CS|TAMS 0x000000070ad00000, 0x000000070ad00000| Complete 
| 132|0x000000070ae00000, 0x000000070af00000, 0x000000070af00000|100%| E|CS|TAMS 0x000000070ae00000, 0x000000070ae00000| Complete 
| 133|0x000000070af00000, 0x000000070b000000, 0x000000070b000000|100%| E|CS|TAMS 0x000000070af00000, 0x000000070af00000| Complete 
| 134|0x000000070b000000, 0x000000070b100000, 0x000000070b100000|100%| E|CS|TAMS 0x000000070b000000, 0x000000070b000000| Complete 
| 135|0x000000070b100000, 0x000000070b200000, 0x000000070b200000|100%| E|CS|TAMS 0x000000070b100000, 0x000000070b100000| Complete 
| 136|0x000000070b200000, 0x000000070b300000, 0x000000070b300000|100%| E|CS|TAMS 0x000000070b200000, 0x000000070b200000| Complete 
| 137|0x000000070b300000, 0x000000070b400000, 0x000000070b400000|100%| E|CS|TAMS 0x000000070b300000, 0x000000070b300000| Complete 
| 138|0x000000070b400000, 0x000000070b500000, 0x000000070b500000|100%| E|CS|TAMS 0x000000070b400000, 0x000000070b400000| Complete 
| 139|0x000000070b500000, 0x000000070b600000, 0x000000070b600000|100%| E|CS|TAMS 0x000000070b500000, 0x000000070b500000| Complete 
| 140|0x000000070b600000, 0x000000070b700000, 0x000000070b700000|100%| E|CS|TAMS 0x000000070b600000, 0x000000070b600000| Complete 
| 141|0x000000070b700000, 0x000000070b800000, 0x000000070b800000|100%| E|CS|TAMS 0x000000070b700000, 0x000000070b700000| Complete 
| 142|0x000000070b800000, 0x000000070b900000, 0x000000070b900000|100%| E|CS|TAMS 0x000000070b800000, 0x000000070b800000| Complete 
| 143|0x000000070b900000, 0x000000070ba00000, 0x000000070ba00000|100%| E|CS|TAMS 0x000000070b900000, 0x000000070b900000| Complete 
| 144|0x000000070ba00000, 0x000000070bb00000, 0x000000070bb00000|100%| E|CS|TAMS 0x000000070ba00000, 0x000000070ba00000| Complete 
| 145|0x000000070bb00000, 0x000000070bc00000, 0x000000070bc00000|100%| E|CS|TAMS 0x000000070bb00000, 0x000000070bb00000| Complete 
| 146|0x000000070bc00000, 0x000000070bd00000, 0x000000070bd00000|100%| E|CS|TAMS 0x000000070bc00000, 0x000000070bc00000| Complete 
| 147|0x000000070bd00000, 0x000000070be00000, 0x000000070be00000|100%| E|CS|TAMS 0x000000070bd00000, 0x000000070bd00000| Complete 
| 148|0x000000070be00000, 0x000000070bf00000, 0x000000070bf00000|100%| E|CS|TAMS 0x000000070be00000, 0x000000070be00000| Complete 
| 149|0x000000070bf00000, 0x000000070c000000, 0x000000070c000000|100%| E|CS|TAMS 0x000000070bf00000, 0x000000070bf00000| Complete 
| 253|0x0000000712700000, 0x0000000712800000, 0x0000000712800000|100%| E|CS|TAMS 0x0000000712700000, 0x0000000712700000| Complete 

Card table byte_map: [0x000002a6df7f0000,0x000002a6dffe0000] _byte_map_base: 0x000002a6dbfdb000

Marking Bits (Prev, Next): (CMBitMap*) 0x000002a6c53dfc98, (CMBitMap*) 0x000002a6c53dfcd8
 Prev Bits: [0x000002a6e07d0000, 0x000002a6e4728000)
 Next Bits: [0x000002a6e4730000, 0x000002a6e8688000)

Polling page: 0x000002a6cf350000

Metaspace:

Usage:
  Non-class:     43.02 MB capacity,    42.31 MB ( 98%) used,   581.92 KB (  1%) free+waste,   148.31 KB ( <1%) overhead. 
      Class:      7.01 MB capacity,     6.55 MB ( 93%) used,   407.55 KB (  6%) free+waste,    69.44 KB ( <1%) overhead. 
       Both:     50.04 MB capacity,    48.86 MB ( 98%) used,   989.48 KB (  2%) free+waste,   217.75 KB ( <1%) overhead. 

Virtual space:
  Non-class space:       44.00 MB reserved,      43.17 MB ( 98%) committed 
      Class space:        1.00 GB reserved,       7.11 MB ( <1%) committed 
             Both:        1.04 GB reserved,      50.28 MB (  5%) committed 

Chunk freelists:
   Non-Class:  25.00 KB
       Class:  17.00 KB
        Both:  42.00 KB

MaxMetaspaceSize: 17179869184.00 GB
CompressedClassSpaceSize: 1.00 GB

CodeHeap 'non-profiled nmethods': size=120000Kb used=3119Kb max_used=3119Kb free=116880Kb
 bounds [0x000002a6d6e40000, 0x000002a6d7150000, 0x000002a6de370000]
CodeHeap 'profiled nmethods': size=120000Kb used=10851Kb max_used=10851Kb free=109148Kb
 bounds [0x000002a6cf910000, 0x000002a6d03b0000, 0x000002a6d6e40000]
CodeHeap 'non-nmethods': size=5760Kb used=1290Kb max_used=1333Kb free=4469Kb
 bounds [0x000002a6cf370000, 0x000002a6cf5e0000, 0x000002a6cf910000]
 total_blobs=5438 nmethods=4870 adapters=480
 compilation: enabled
              stopped_count=0, restarted_count=0
 full_count=0

Compilation events (20 events):
Event: 5.651 Thread 0x000002a6ebcf1800 5252       2       org.springframework.aop.framework.autoproxy.AbstractAdvisorAutoProxyCreator::findCandidateAdvisors (25 bytes)
Event: 5.651 Thread 0x000002a6ebcf1800 nmethod 5252 0x000002a6d039e110 code [0x000002a6d039e2c0, 0x000002a6d039e4f8]
Event: 5.663 Thread 0x000002a6ebcf1800 5254   !   2       org.springframework.util.ClassUtils::isVisible (26 bytes)
Event: 5.664 Thread 0x000002a6ebcf1800 nmethod 5254 0x000002a6d039e610 code [0x000002a6d039e800, 0x000002a6d039ebf8]
Event: 5.666 Thread 0x000002a6ebcf1800 5255       2       java.util.LinkedList$ListItr::<init> (47 bytes)
Event: 5.667 Thread 0x000002a6ebcf1800 nmethod 5255 0x000002a6d039ef90 code [0x000002a6d039f140, 0x000002a6d039f388]
Event: 5.670 Thread 0x000002a6ebcf1800 5256   !   2       com.sun.proxy.$Proxy10::value (29 bytes)
Event: 5.670 Thread 0x000002a6ebcf1800 nmethod 5256 0x000002a6d039f490 code [0x000002a6d039f640, 0x000002a6d039f8f8]
Event: 5.670 Thread 0x000002a6ebcec800 nmethod 5240% 0x000002a6d7148f10 code [0x000002a6d7149140, 0x000002a6d714a650]
Event: 5.671 Thread 0x000002a6ebcec800 5236       4       org.springframework.util.ReflectionUtils::findMethod (109 bytes)
Event: 5.671 Thread 0x000002a6ebcf1800 5257       2       sun.reflect.annotation.AnnotationParser::skipMemberValue (11 bytes)
Event: 5.671 Thread 0x000002a6ebcf1800 nmethod 5257 0x000002a6d039fa90 code [0x000002a6d039fc40, 0x000002a6d039fd58]
Event: 5.671 Thread 0x000002a6ebcf1800 5258       2       sun.reflect.annotation.AnnotationParser::skipMemberValue (65 bytes)
Event: 5.672 Thread 0x000002a6ebcf1800 nmethod 5258 0x000002a6d039fe10 code [0x000002a6d03a0000, 0x000002a6d03a0278]
Event: 5.672 Thread 0x000002a6ebcf1800 5259       2       java.lang.reflect.ProxyGenerator$ProxyMethod::codeWrapArgument (172 bytes)
Event: 5.672 Thread 0x000002a6ebcf1800 nmethod 5259 0x000002a6d03a0410 code [0x000002a6d03a06e0, 0x000002a6d03a1158]
Event: 5.677 Thread 0x000002a6ebcf1800 5260       2       java.util.Collections$UnmodifiableMap::isEmpty (10 bytes)
Event: 5.677 Thread 0x000002a6ebcf1800 nmethod 5260 0x000002a6d03a1790 code [0x000002a6d03a1920, 0x000002a6d03a1a68]
Event: 5.685 Thread 0x000002a6ebcf1800 5261       2       java.util.IdentityHashMap::put (137 bytes)
Event: 5.685 Thread 0x000002a6ebcf1800 nmethod 5261 0x000002a6d03a1b10 code [0x000002a6d03a1d00, 0x000002a6d03a2358]

GC Heap History (20 events):
Event: 1.897 GC heap before
{Heap before GC invocations=3 (full 0):
 garbage-first heap   total 48128K, used 33486K [0x0000000702a00000, 0x0000000800000000)
  region size 1024K, 30 young (30720K), 9 survivors (9216K)
 Metaspace       used 22305K, capacity 23053K, committed 23344K, reserved 1069056K
  class space    used 2858K, capacity 3144K, committed 3200K, reserved 1048576K
}
Event: 1.904 GC heap after
{Heap after GC invocations=4 (full 0):
 garbage-first heap   total 48128K, used 12755K [0x0000000702a00000, 0x0000000800000000)
  region size 1024K, 2 young (2048K), 2 survivors (2048K)
 Metaspace       used 22305K, capacity 23053K, committed 23344K, reserved 1069056K
  class space    used 2858K, capacity 3144K, committed 3200K, reserved 1048576K
}
Event: 2.253 GC heap before
{Heap before GC invocations=4 (full 0):
 garbage-first heap   total 48128K, used 33235K [0x0000000702a00000, 0x0000000800000000)
  region size 1024K, 22 young (22528K), 2 survivors (2048K)
 Metaspace       used 24294K, capacity 25118K, committed 25136K, reserved 1071104K
  class space    used 3129K, capacity 3444K, committed 3456K, reserved 1048576K
}
Event: 2.255 GC heap after
{Heap after GC invocations=5 (full 0):
 garbage-first heap   total 48128K, used 13483K [0x0000000702a00000, 0x0000000800000000)
  region size 1024K, 3 young (3072K), 3 survivors (3072K)
 Metaspace       used 24294K, capacity 25118K, committed 25136K, reserved 1071104K
  class space    used 3129K, capacity 3444K, committed 3456K, reserved 1048576K
}
Event: 2.594 GC heap before
{Heap before GC invocations=5 (full 0):
 garbage-first heap   total 48128K, used 33963K [0x0000000702a00000, 0x0000000800000000)
  region size 1024K, 23 young (23552K), 3 survivors (3072K)
 Metaspace       used 26982K, capacity 27935K, committed 28208K, reserved 1073152K
  class space    used 3505K, capacity 3861K, committed 3968K, reserved 1048576K
}
Event: 2.597 GC heap after
{Heap after GC invocations=6 (full 0):
 garbage-first heap   total 48128K, used 14944K [0x0000000702a00000, 0x0000000800000000)
  region size 1024K, 3 young (3072K), 3 survivors (3072K)
 Metaspace       used 26982K, capacity 27935K, committed 28208K, reserved 1073152K
  class space    used 3505K, capacity 3861K, committed 3968K, reserved 1048576K
}
Event: 3.037 GC heap before
{Heap before GC invocations=6 (full 0):
 garbage-first heap   total 48128K, used 35424K [0x0000000702a00000, 0x0000000800000000)
  region size 1024K, 23 young (23552K), 3 survivors (3072K)
 Metaspace       used 30077K, capacity 31117K, committed 31408K, reserved 1077248K
  class space    used 3882K, capacity 4282K, committed 4352K, reserved 1048576K
}
Event: 3.040 GC heap after
{Heap after GC invocations=7 (full 0):
 garbage-first heap   total 48128K, used 16550K [0x0000000702a00000, 0x0000000800000000)
  region size 1024K, 2 young (2048K), 2 survivors (2048K)
 Metaspace       used 30077K, capacity 31117K, committed 31408K, reserved 1077248K
  class space    used 3882K, capacity 4282K, committed 4352K, reserved 1048576K
}
Event: 3.356 GC heap before
{Heap before GC invocations=7 (full 0):
 garbage-first heap   total 48128K, used 36006K [0x0000000702a00000, 0x0000000800000000)
  region size 1024K, 21 young (21504K), 2 survivors (2048K)
 Metaspace       used 31306K, capacity 32336K, committed 32560K, reserved 1077248K
  class space    used 4017K, capacity 4430K, committed 4480K, reserved 1048576K
}
Event: 3.360 GC heap after
{Heap after GC invocations=8 (full 0):
 garbage-first heap   total 48128K, used 17154K [0x0000000702a00000, 0x0000000800000000)
  region size 1024K, 3 young (3072K), 3 survivors (3072K)
 Metaspace       used 31306K, capacity 32336K, committed 32560K, reserved 1077248K
  class space    used 4017K, capacity 4430K, committed 4480K, reserved 1048576K
}
Event: 3.805 GC heap before
{Heap before GC invocations=8 (full 0):
 garbage-first heap   total 48128K, used 36610K [0x0000000702a00000, 0x0000000800000000)
  region size 1024K, 22 young (22528K), 3 survivors (3072K)
 Metaspace       used 33963K, capacity 35090K, committed 35248K, reserved 1079296K
  class space    used 4394K, capacity 4837K, committed 4864K, reserved 1048576K
}
Event: 3.808 GC heap after
{Heap after GC invocations=9 (full 0):
 garbage-first heap   total 48128K, used 17885K [0x0000000702a00000, 0x0000000800000000)
  region size 1024K, 2 young (2048K), 2 survivors (2048K)
 Metaspace       used 33963K, capacity 35090K, committed 35248K, reserved 1079296K
  class space    used 4394K, capacity 4837K, committed 4864K, reserved 1048576K
}
Event: 3.895 GC heap before
{Heap before GC invocations=9 (full 0):
 garbage-first heap   total 48128K, used 24029K [0x0000000702a00000, 0x0000000800000000)
  region size 1024K, 9 young (9216K), 2 survivors (2048K)
 Metaspace       used 34768K, capacity 35840K, committed 35888K, reserved 1081344K
  class space    used 4539K, capacity 4979K, committed 4992K, reserved 1048576K
}
Event: 3.898 GC heap after
{Heap after GC invocations=10 (full 0):
 garbage-first heap   total 48128K, used 18011K [0x0000000702a00000, 0x0000000800000000)
  region size 1024K, 2 young (2048K), 2 survivors (2048K)
 Metaspace       used 34768K, capacity 35840K, committed 35888K, reserved 1081344K
  class space    used 4539K, capacity 4979K, committed 4992K, reserved 1048576K
}
Event: 4.466 GC heap before
{Heap before GC invocations=11 (full 0):
 garbage-first heap   total 48128K, used 34395K [0x0000000702a00000, 0x0000000800000000)
  region size 1024K, 19 young (19456K), 2 survivors (2048K)
 Metaspace       used 39485K, capacity 40614K, committed 40732K, reserved 1085440K
  class space    used 5206K, capacity 5632K, committed 5740K, reserved 1048576K
}
Event: 4.470 GC heap after
{Heap after GC invocations=12 (full 0):
 garbage-first heap   total 48128K, used 19350K [0x0000000702a00000, 0x0000000800000000)
  region size 1024K, 3 young (3072K), 3 survivors (3072K)
 Metaspace       used 39485K, capacity 40614K, committed 40732K, reserved 1085440K
  class space    used 5206K, capacity 5632K, committed 5740K, reserved 1048576K
}
Event: 4.718 GC heap before
{Heap before GC invocations=12 (full 0):
 garbage-first heap   total 48128K, used 34710K [0x0000000702a00000, 0x0000000800000000)
  region size 1024K, 19 young (19456K), 3 survivors (3072K)
 Metaspace       used 42578K, capacity 43656K, committed 43932K, reserved 1087488K
  class space    used 5605K, capacity 6027K, committed 6124K, reserved 1048576K
}
Event: 4.721 GC heap after
{Heap after GC invocations=13 (full 0):
 garbage-first heap   total 48128K, used 20272K [0x0000000702a00000, 0x0000000800000000)
  region size 1024K, 3 young (3072K), 3 survivors (3072K)
 Metaspace       used 42578K, capacity 43656K, committed 43932K, reserved 1087488K
  class space    used 5605K, capacity 6027K, committed 6124K, reserved 1048576K
}
Event: 4.946 GC heap before
{Heap before GC invocations=13 (full 0):
 garbage-first heap   total 48128K, used 35632K [0x0000000702a00000, 0x0000000800000000)
  region size 1024K, 19 young (19456K), 3 survivors (3072K)
 Metaspace       used 45012K, capacity 46156K, committed 46236K, reserved 1089536K
  class space    used 5923K, capacity 6367K, committed 6380K, reserved 1048576K
}
Event: 4.950 GC heap after
{Heap after GC invocations=14 (full 0):
 garbage-first heap   total 154624K, used 21141K [0x0000000702a00000, 0x0000000800000000)
  region size 1024K, 2 young (2048K), 2 survivors (2048K)
 Metaspace       used 45012K, capacity 46156K, committed 46236K, reserved 1089536K
  class space    used 5923K, capacity 6367K, committed 6380K, reserved 1048576K
}

Deoptimization events (20 events):
Event: 5.483 Thread 0x000002a6ecef2000 Uncommon trap: trap_request=0xffffffde fr.pc=0x000002a6d7012eac relative=0x000000000000bf0c
Event: 5.483 Thread 0x000002a6ecef2000 Uncommon trap: reason=class_check action=maybe_recompile pc=0x000002a6d7012eac method=org.springframework.beans.factory.support.AbstractBeanFactory.isTypeMatch(Ljava/lang/String;Lorg/springframework/core/ResolvableType;Z)Z @ 53 c2
Event: 5.483 Thread 0x000002a6ecef2000 DEOPT PACKING pc=0x000002a6d7012eac sp=0x000000c17fbf76e0
Event: 5.483 Thread 0x000002a6ecef2000 DEOPT UNPACKING pc=0x000002a6cf3b912f sp=0x000000c17fbf7700 mode 2
Event: 5.493 Thread 0x000002a6ecef2000 Uncommon trap: trap_request=0xffffff45 fr.pc=0x000002a6d701e0a8 relative=0x0000000000005628
Event: 5.493 Thread 0x000002a6ecef2000 Uncommon trap: reason=unstable_if action=reinterpret pc=0x000002a6d701e0a8 method=org.springframework.core.annotation.AnnotationsScanner.processMethodHierarchy(Ljava/lang/Object;[ILjava/lang/Class;Lorg/springframework/core/annotation/AnnotationsProcessor;
Event: 5.493 Thread 0x000002a6ecef2000 DEOPT PACKING pc=0x000002a6d701e0a8 sp=0x000000c17fbf9e30
Event: 5.493 Thread 0x000002a6ecef2000 DEOPT UNPACKING pc=0x000002a6cf3b912f sp=0x000000c17fbf9e98 mode 2
Event: 5.603 Thread 0x000002a6ecef2000 DEOPT PACKING pc=0x000002a6d013d46f sp=0x000000c17fbfbbe0
Event: 5.603 Thread 0x000002a6ecef2000 DEOPT UNPACKING pc=0x000002a6cf3b964e sp=0x000000c17fbfb168 mode 0
Event: 5.603 Thread 0x000002a6ecef2000 DEOPT PACKING pc=0x000002a6cf92b8de sp=0x000000c17fbfc160
Event: 5.603 Thread 0x000002a6ecef2000 DEOPT UNPACKING pc=0x000002a6cf3b964e sp=0x000000c17fbfb678 mode 0
Event: 5.618 Thread 0x000002a6ecef2000 DEOPT PACKING pc=0x000002a6d0143534 sp=0x000000c17fbfba60
Event: 5.618 Thread 0x000002a6ecef2000 DEOPT UNPACKING pc=0x000002a6cf3b964e sp=0x000000c17fbfb000 mode 0
Event: 5.619 Thread 0x000002a6ecef2000 DEOPT PACKING pc=0x000002a6d013d46f sp=0x000000c17fbfbcb0
Event: 5.619 Thread 0x000002a6ecef2000 DEOPT UNPACKING pc=0x000002a6cf3b964e sp=0x000000c17fbfb238 mode 0
Event: 5.619 Thread 0x000002a6ecef2000 DEOPT PACKING pc=0x000002a6cf92b8de sp=0x000000c17fbfc230
Event: 5.619 Thread 0x000002a6ecef2000 DEOPT UNPACKING pc=0x000002a6cf3b964e sp=0x000000c17fbfb748 mode 0
Event: 5.620 Thread 0x000002a6ecef2000 DEOPT PACKING pc=0x000002a6d013d46f sp=0x000000c17fbfbef0
Event: 5.620 Thread 0x000002a6ecef2000 DEOPT UNPACKING pc=0x000002a6cf3b964e sp=0x000000c17fbfb478 mode 0

Classes unloaded (0 events):
No events

Classes redefined (0 events):
No events

Internal exceptions (20 events):
Event: 3.246 Thread 0x000002a6ecef2000 Exception <a 'java/lang/ClassNotFoundException'{0x0000000704cf5360}: java/lang/ObjectCustomizer> (0x0000000704cf5360) 
thrown [./src/hotspot/share/classfile/systemDictionary.cpp, line 232]
Event: 3.247 Thread 0x000002a6ecef2000 Exception <a 'java/lang/ClassNotFoundException'{0x0000000704b14638}: org/springframework/security/config/annotation/authentication/configuration/AuthenticationConfigurationCustomizer> (0x0000000704b14638) 
thrown [./src/hotspot/share/classfile/systemDictionary.cpp, line 232]
Event: 3.282 Thread 0x000002a6ecef2000 Exception <a 'java/lang/ClassNotFoundException'{0x0000000704aefa38}: java/lang/ObjectCustomizer> (0x0000000704aefa38) 
thrown [./src/hotspot/share/classfile/systemDictionary.cpp, line 232]
Event: 3.283 Thread 0x000002a6ecef2000 Exception <a 'java/lang/ClassNotFoundException'{0x000000070490b2f0}: org/springframework/web/servlet/config/annotation/WebMvcConfigurationSupportCustomizer> (0x000000070490b2f0) 
thrown [./src/hotspot/share/classfile/systemDictionary.cpp, line 232]
Event: 3.285 Thread 0x000002a6ecef2000 Exception <a 'java/lang/ClassNotFoundException'{0x0000000704932468}: org/springframework/web/servlet/config/annotation/DelegatingWebMvcConfigurationCustomizer> (0x0000000704932468) 
thrown [./src/hotspot/share/classfile/systemDictionary.cpp, line 232]
Event: 3.288 Thread 0x000002a6ecef2000 Exception <a 'java/lang/ClassNotFoundException'{0x0000000704951e90}: org/springframework/boot/autoconfigure/web/servlet/WebMvcAutoConfiguration$EnableWebMvcConfigurationCustomizer> (0x0000000704951e90) 
thrown [./src/hotspot/share/classfile/systemDictionary.cpp, line 232]
Event: 3.290 Thread 0x000002a6ecef2000 Exception <a 'java/lang/ClassNotFoundException'{0x0000000704973920}: org/springframework/context/ResourceLoaderAwareCustomizer> (0x0000000704973920) 
thrown [./src/hotspot/share/classfile/systemDictionary.cpp, line 232]
Event: 3.291 Thread 0x000002a6ecef2000 Exception <a 'java/lang/ClassNotFoundException'{0x00000007049869c8}: org/springframework/beans/factory/AwareCustomizer> (0x00000007049869c8) 
thrown [./src/hotspot/share/classfile/systemDictionary.cpp, line 232]
Event: 3.292 Thread 0x000002a6ecef2000 Exception <a 'java/lang/ClassNotFoundException'{0x000000070499ac50}: org/springframework/context/ApplicationContextAwareCustomizer> (0x000000070499ac50) 
thrown [./src/hotspot/share/classfile/systemDictionary.cpp, line 232]
Event: 3.293 Thread 0x000002a6ecef2000 Exception <a 'java/lang/ClassNotFoundException'{0x00000007049ae8d8}: org/springframework/beans/factory/AwareCustomizer> (0x00000007049ae8d8) 
thrown [./src/hotspot/share/classfile/systemDictionary.cpp, line 232]
Event: 3.294 Thread 0x000002a6ecef2000 Exception <a 'java/lang/ClassNotFoundException'{0x00000007049c2db8}: org/springframework/web/context/ServletContextAwareCustomizer> (0x00000007049c2db8) 
thrown [./src/hotspot/share/classfile/systemDictionary.cpp, line 232]
Event: 3.295 Thread 0x000002a6ecef2000 Exception <a 'java/lang/ClassNotFoundException'{0x00000007049d62d8}: org/springframework/beans/factory/AwareCustomizer> (0x00000007049d62d8) 
thrown [./src/hotspot/share/classfile/systemDictionary.cpp, line 232]
Event: 3.361 Thread 0x000002a6ecef2000 Exception <a 'java/lang/NoSuchMethodError'{0x0000000712704730}: 'void java.lang.invoke.DirectMethodHandle$Holder.invokeVirtual(java.lang.Object, java.lang.Object, java.lang.Object, java.lang.Object)'> (0x0000000712704730) 
thrown [./src/hotspot/share/interpreter/linkResolver.cpp, line 767]
Event: 4.208 Thread 0x000002a6ecef2000 Exception <a 'sun/nio/fs/WindowsException'{0x0000000704cbdeb8}> (0x0000000704cbdeb8) 
thrown [./src/hotspot/share/prims/jni.cpp, line 598]
Event: 4.506 Thread 0x000002a6ecef2000 Exception <a 'java/lang/NoSuchMethodError'{0x00000007127f95f0}: 'java.lang.Object java.lang.invoke.DirectMethodHandle$Holder.invokeStaticInit(java.lang.Object, java.lang.Object, java.lang.Object, java.lang.Object)'> (0x00000007127f95f0) 
thrown [./src/hotspot/share/interpreter/linkResolver.cpp, line 767]
Event: 4.697 Thread 0x000002a6ecef2000 Exception <a 'java/lang/NoSuchMethodError'{0x0000000704a7aa08}: 'java.lang.Object java.lang.invoke.DirectMethodHandle$Holder.newInvokeSpecial(java.lang.Object, java.lang.Object, int, java.lang.Object, java.lang.Object)'> (0x0000000704a7aa08) 
thrown [./src/hotspot/share/interpreter/linkResolver.cpp, line 767]
Event: 5.254 Thread 0x000002a6ecef2000 Exception <a 'java/lang/NoSuchMethodError'{0x000000070ae896d8}: 'void java.lang.invoke.DirectMethodHandle$Holder.invokeInterface(java.lang.Object, java.lang.Object)'> (0x000000070ae896d8) 
thrown [./src/hotspot/share/interpreter/linkResolver.cpp, line 767]
Event: 5.264 Thread 0x000002a6ecef2000 Exception <a 'java/lang/NoSuchMethodError'{0x000000070ad4bff8}: 'java.lang.Object java.lang.invoke.DirectMethodHandle$Holder.invokeStaticInit(java.lang.Object, java.lang.Object, java.lang.Object, java.lang.Object, int, int)'> (0x000000070ad4bff8) 
thrown [./src/hotspot/share/interpreter/linkResolver.cpp, line 767]
Event: 5.385 Thread 0x000002a6ecef2000 Exception <a 'java/lang/NoClassDefFoundError'{0x000000070a533dd8}: sun/reflect/Reflection> (0x000000070a533dd8) 
thrown [./src/hotspot/share/classfile/systemDictionary.cpp, line 221]
Event: 5.629 Thread 0x000002a6ecef2000 Exception <a 'java/io/FileNotFoundException'{0x0000000709aedad8}> (0x0000000709aedad8) 
thrown [./src/hotspot/share/prims/jni.cpp, line 598]

Events (20 events):
Event: 5.652 loading class java/net/ServerSocket$1 done
Event: 5.653 loading class org/springframework/boot/devtools/livereload/LiveReloadServer
Event: 5.653 loading class org/springframework/boot/devtools/livereload/LiveReloadServer done
Event: 5.653 loading class org/springframework/boot/devtools/restart/Restarter$LeakSafeThreadFactory
Event: 5.653 loading class org/springframework/boot/devtools/restart/Restarter$LeakSafeThreadFactory done
Event: 5.653 Thread 0x000002a6f3c24800 Thread added: 0x000002a6f3c24800
Event: 5.654 Thread 0x000002a6f3c24800 Thread exited: 0x000002a6f3c24800
Event: 5.654 Thread 0x000002a6f3c24000 Thread added: 0x000002a6f3c24000
Event: 5.655 loading class org/springframework/context/ApplicationEvent
Event: 5.655 loading class org/springframework/context/ApplicationEvent done
Event: 5.656 loading class org/springframework/core/ResolvableType
Event: 5.656 loading class org/springframework/core/ResolvableType done
Event: 5.656 loading class org/springframework/context/ApplicationListener
Event: 5.656 loading class org/springframework/context/ApplicationListener done
Event: 5.659 loading class org/springframework/beans/factory/SmartFactoryBean
Event: 5.659 loading class org/springframework/beans/factory/SmartFactoryBean done
Event: 5.664 loading class org/springframework/http/ResponseEntity
Event: 5.664 loading class org/springframework/http/ResponseEntity done
Event: 5.664 loading class org/springframework/http/HttpEntity
Event: 5.664 loading class org/springframework/http/HttpEntity done


Dynamic libraries:
0x00007ff71d650000 - 0x00007ff71d65d000 	C:\Users\welcome\.jdks\azul-13.0.13\bin\java.exe
0x00007ff9ea8b0000 - 0x00007ff9eaaa8000 	C:\Windows\SYSTEM32\ntdll.dll
0x00007ff9e89e0000 - 0x00007ff9e8a9f000 	C:\Windows\System32\KERNEL32.DLL
0x00007ff9e80f0000 - 0x00007ff9e83e6000 	C:\Windows\System32\KERNELBASE.dll
0x00007ff9e83f0000 - 0x00007ff9e84f0000 	C:\Windows\System32\ucrtbase.dll
0x00007ff9d2850000 - 0x00007ff9d2867000 	C:\Users\welcome\.jdks\azul-13.0.13\bin\jli.dll
0x00007ff9d2a60000 - 0x00007ff9d2a75000 	C:\Users\welcome\.jdks\azul-13.0.13\bin\VCRUNTIME140.dll
0x00007ff9ea590000 - 0x00007ff9ea72d000 	C:\Windows\System32\USER32.dll
0x00007ff9c2ef0000 - 0x00007ff9c318a000 	C:\Windows\WinSxS\amd64_microsoft.windows.common-controls_6595b64144ccf1df_6.0.19041.1110_none_60b5254171f9507e\COMCTL32.dll
0x00007ff9e86f0000 - 0x00007ff9e8712000 	C:\Windows\System32\win32u.dll
0x00007ff9ea840000 - 0x00007ff9ea86c000 	C:\Windows\System32\GDI32.dll
0x00007ff9ea730000 - 0x00007ff9ea7ce000 	C:\Windows\System32\msvcrt.dll
0x00007ff9e8540000 - 0x00007ff9e8655000 	C:\Windows\System32\gdi32full.dll
0x00007ff9e8790000 - 0x00007ff9e882d000 	C:\Windows\System32\msvcp_win.dll
0x00007ff9e8ef0000 - 0x00007ff9e8f20000 	C:\Windows\System32\IMM32.DLL
0x00007ff9bd860000 - 0x00007ff9bd8fb000 	C:\Users\welcome\.jdks\azul-13.0.13\bin\msvcp140.dll
0x00007ff9a4d90000 - 0x00007ff9a5988000 	C:\Users\welcome\.jdks\azul-13.0.13\bin\server\jvm.dll
0x00007ff9e8ce0000 - 0x00007ff9e8d8f000 	C:\Windows\System32\ADVAPI32.dll
0x00007ff9e9740000 - 0x00007ff9e97dc000 	C:\Windows\System32\sechost.dll
0x00007ff9ea460000 - 0x00007ff9ea586000 	C:\Windows\System32\RPCRT4.dll
0x00007ff9ea450000 - 0x00007ff9ea458000 	C:\Windows\System32\PSAPI.DLL
0x00007ff9d1f00000 - 0x00007ff9d1f09000 	C:\Windows\SYSTEM32\WSOCK32.dll
0x00007ff9ea7d0000 - 0x00007ff9ea83b000 	C:\Windows\System32\WS2_32.dll
0x00007ff9d1d30000 - 0x00007ff9d1d57000 	C:\Windows\SYSTEM32\WINMM.dll
0x00007ff9e3130000 - 0x00007ff9e313a000 	C:\Windows\SYSTEM32\VERSION.dll
0x00007ff9e5e60000 - 0x00007ff9e5e72000 	C:\Windows\SYSTEM32\kernel.appcore.dll
0x00007ff9d3ee0000 - 0x00007ff9d3ef0000 	C:\Users\welcome\.jdks\azul-13.0.13\bin\verify.dll
0x00007ff9d5770000 - 0x00007ff9d5954000 	C:\Windows\SYSTEM32\DBGHELP.DLL
0x00007ff9d4730000 - 0x00007ff9d4764000 	C:\Windows\SYSTEM32\dbgcore.DLL
0x00007ff9e8660000 - 0x00007ff9e86e2000 	C:\Windows\System32\bcryptPrimitives.dll
0x00007ff9d2670000 - 0x00007ff9d2696000 	C:\Users\welcome\.jdks\azul-13.0.13\bin\java.dll
0x00007ff9d3b40000 - 0x00007ff9d3b4a000 	C:\Users\welcome\.jdks\azul-13.0.13\bin\jimage.dll
0x00007ff9d1540000 - 0x00007ff9d1557000 	C:\Users\welcome\.jdks\azul-13.0.13\bin\zip.dll
0x00007ff9e8f20000 - 0x00007ff9e9664000 	C:\Windows\System32\SHELL32.dll
0x00007ff9e6060000 - 0x00007ff9e67f3000 	C:\Windows\SYSTEM32\windows.storage.dll
0x00007ff9e97e0000 - 0x00007ff9e9b34000 	C:\Windows\System32\combase.dll
0x00007ff9e7900000 - 0x00007ff9e792e000 	C:\Windows\SYSTEM32\Wldp.dll
0x00007ff9ea3a0000 - 0x00007ff9ea44d000 	C:\Windows\System32\SHCORE.dll
0x00007ff9e8980000 - 0x00007ff9e89d5000 	C:\Windows\System32\shlwapi.dll
0x00007ff9e7ed0000 - 0x00007ff9e7eef000 	C:\Windows\SYSTEM32\profapi.dll
0x00007ff9d1150000 - 0x00007ff9d1169000 	C:\Users\welcome\.jdks\azul-13.0.13\bin\net.dll
0x00007ff9e10d0000 - 0x00007ff9e11da000 	C:\Windows\SYSTEM32\WINHTTP.dll
0x00007ff9e7660000 - 0x00007ff9e76ca000 	C:\Windows\system32\mswsock.dll
0x00007ff9d1000000 - 0x00007ff9d1012000 	C:\Users\welcome\.jdks\azul-13.0.13\bin\nio.dll
0x00007ff9d5960000 - 0x00007ff9d5969000 	C:\Users\welcome\.jdks\azul-13.0.13\bin\management.dll
0x00007ff9d2840000 - 0x00007ff9d284b000 	C:\Users\welcome\.jdks\azul-13.0.13\bin\management_ext.dll
0x00007ff9ce010000 - 0x00007ff9ce027000 	C:\Windows\system32\napinsp.dll
0x00007ff9cde20000 - 0x00007ff9cde3b000 	C:\Windows\system32\pnrpnsp.dll
0x00007ff9e2600000 - 0x00007ff9e2615000 	C:\Windows\system32\wshbth.dll
0x00007ff9e3a90000 - 0x00007ff9e3aad000 	C:\Windows\system32\NLAapi.dll
0x00007ff9e7350000 - 0x00007ff9e738c000 	C:\Windows\SYSTEM32\IPHLPAPI.DLL
0x00007ff9e7390000 - 0x00007ff9e745a000 	C:\Windows\SYSTEM32\DNSAPI.dll
0x00007ff9e8910000 - 0x00007ff9e8918000 	C:\Windows\System32\NSI.dll
0x00007ff9cde00000 - 0x00007ff9cde12000 	C:\Windows\System32\winrnr.dll
0x00007ff9e10c0000 - 0x00007ff9e10ca000 	C:\Windows\System32\rasadhlp.dll
0x00007ff9d81d0000 - 0x00007ff9d8252000 	C:\Windows\System32\fwpuclnt.dll
0x00007ff9e8830000 - 0x00007ff9e8857000 	C:\Windows\System32\bcrypt.dll
0x00007ff9e7860000 - 0x00007ff9e7878000 	C:\Windows\SYSTEM32\CRYPTSP.dll
0x00007ff9e6f80000 - 0x00007ff9e6fb4000 	C:\Windows\system32\rsaenh.dll
0x00007ff9e7e90000 - 0x00007ff9e7ebe000 	C:\Windows\SYSTEM32\USERENV.dll
0x00007ff9e7850000 - 0x00007ff9e785c000 	C:\Windows\SYSTEM32\CRYPTBASE.dll
0x00007ff9e15c0000 - 0x00007ff9e15d7000 	C:\Windows\SYSTEM32\dhcpcsvc6.DLL
0x00007ff9e17b0000 - 0x00007ff9e17cd000 	C:\Windows\SYSTEM32\dhcpcsvc.DLL
0x00007ff9ba6a0000 - 0x00007ff9ba6c5000 	C:\Users\welcome\.jdks\azul-13.0.13\bin\sunec.dll

dbghelp: loaded successfully - version: 4.0.5 - missing functions: none
symbol engine: initialized successfully - sym options: 0x614 - pdb path: .;C:\Users\welcome\.jdks\azul-13.0.13\bin;C:\Windows\SYSTEM32;C:\Windows\WinSxS\amd64_microsoft.windows.common-controls_6595b64144ccf1df_6.0.19041.1110_none_60b5254171f9507e;C:\Users\welcome\.jdks\azul-13.0.13\bin\server

VM Arguments:
jvm_args: -Dfile.encoding=windows-1252 -Duser.country=US -Duser.language=en -Duser.variant 
java_command: com.example.vms.VmsApplication
java_class_path (initial): D:\BE_Shop\vms\build\classes\java\main;D:\BE_Shop\vms\build\resources\main;C:\Users\welcome\.gradle\caches\modules-2\files-2.1\org.springframework.boot\spring-boot-devtools\2.4.0\c5db16eb1454c26665bc61cd21c3f654714e0ff4\spring-boot-devtools-2.4.0.jar;C:\Users\welcome\.gradle\caches\modules-2\files-2.1\org.springframework.boot\spring-boot-starter-data-jdbc\2.4.0\d780efaff844f44de32b4923365157ea5df601d2\spring-boot-starter-data-jdbc-2.4.0.jar;C:\Users\welcome\.gradle\caches\modules-2\files-2.1\org.springframework.boot\spring-boot-starter-data-jpa\2.4.0\fd0c82c6582c09f9525e40d79e06c314d81daa9d\spring-boot-starter-data-jpa-2.4.0.jar;C:\Users\welcome\.gradle\caches\modules-2\files-2.1\org.springframework.boot\spring-boot-starter-security\2.4.0\3b09f9101c0d7c23eb34ca67e933b0bcf7c28931\spring-boot-starter-security-2.4.0.jar;C:\Users\welcome\.gradle\caches\modules-2\files-2.1\org.springframework.boot\spring-boot-starter-thymeleaf\2.4.0\ca0c7db4016cebd7609272f63b05ea61f687a730\spring-boot-starter-thymeleaf-2.4.0.jar;C:\Users\welcome\.gradle\caches\modules-2\files-2.1\org.springframework.boot\spring-boot-starter-websocket\2.4.0\cb45ee6b5c4f2c0c993ab7c6dd62f0c1624b58d0\spring-boot-starter-websocket-2.4.0.jar;C:\Users\welcome\.gradle\caches\modules-2\files-2.1\org.springframework.boot\spring-boot-starter-web\2.4.0\4bdd422c370d1d66ffc12ecafdecc70cad406367\spring-boot-starter-web-2.4.0.jar;C:\Users\welcome\.gradle\caches\modules-2\files-2.1\org.springframework.boot\spring-boot-starter-validation\2.4.0\739a3c3d0b08be3c8dfbed08c26b6a633148e186\spring-boot-starter-validation-2.4.0.jar;C:\Users\welcome\.gradle\caches\modules-2\files-2.1\io.jsonwebtoken\jjwt\0.9.1\54d2abfc3e63a28824d35bf600d6a5d627da681a\jjwt-0.9.1.jar;C:\Users\welcome\.gradle\caches\modules-2\files-2.1\org.json\json\20180813\8566b2b0391d9d4479ea225645c6ed47ef17fe41\json-20180813.jar;C:\Users\welcome\.gradle\caches\modules-2\files-2.1\org.postgresql\postgresql\42.2.18\a0a9c1d43c7727eeaf1b7
Launcher Type: SUN_STANDARD

[Global flags]
     intx CICompilerCount                          = 4                                         {product} {ergonomic}
     uint ConcGCThreads                            = 3                                         {product} {ergonomic}
     uint G1ConcRefinementThreads                  = 10                                        {product} {ergonomic}
   size_t G1HeapRegionSize                         = 1048576                                   {product} {ergonomic}
    uintx GCDrainStackTargetSize                   = 64                                        {product} {ergonomic}
   size_t InitialHeapSize                          = 266338304                                 {product} {ergonomic}
   size_t MarkStackSize                            = 4194304                                   {product} {ergonomic}
   size_t MaxHeapSize                              = 4250927104                                {product} {ergonomic}
   size_t MaxNewSize                               = 2550136832                                {product} {ergonomic}
   size_t MinHeapDeltaBytes                        = 1048576                                   {product} {ergonomic}
   size_t MinHeapSize                              = 8388608                                   {product} {ergonomic}
    uintx NonNMethodCodeHeapSize                   = 5839372                                {pd product} {ergonomic}
    uintx NonProfiledCodeHeapSize                  = 122909434                              {pd product} {ergonomic}
    uintx ProfiledCodeHeapSize                     = 122909434                              {pd product} {ergonomic}
    uintx ReservedCodeCacheSize                    = 251658240                              {pd product} {ergonomic}
     bool SegmentedCodeCache                       = true                                      {product} {ergonomic}
   size_t SoftMaxHeapSize                          = 4250927104                             {manageable} {ergonomic}
     bool UseCompressedClassPointers               = true                                 {lp64_product} {ergonomic}
     bool UseCompressedOops                        = true                                 {lp64_product} {ergonomic}
     bool UseG1GC                                  = true                                      {product} {ergonomic}
     bool UseLargePagesIndividualAllocation        = false                                  {pd product} {ergonomic}

Logging:
Log output configuration:
 #0: stdout all=warning uptime,level,tags
 #1: stderr all=off uptime,level,tags

Environment Variables:
PATH=C:\Windows\system32;C:\Windows;C:\Windows\System32\Wbem;C:\Windows\System32\WindowsPowerShell\v1.0\;C:\Windows\System32\OpenSSH\;C:\Program Files (x86)\NVIDIA Corporation\PhysX\Common;C:\Program Files\TortoiseSVN\bin;C:\Program Files\Java\jdk1.7.0_80\bin;D:\tu\PlayFramework\play-2.1.1;C:\Program Files\Git\cmd;C:\Program Files\Microsoft SQL Server\150\Tools\Binn\;C:\Program Files\nodejs\;C:\Program Files\PuTTY\;C:\Program Files\MySQL\MySQL Shell 8.0\bin\;C:\Users\welcome\AppData\Local\Microsoft\WindowsApps;C:\Program Files\JetBrains\IntelliJ IDEA 2022.1.2\bin;;C:\Program Files\JetBrains\JetBrains Rider 2019.1.2\bin;;C:\Users\welcome\AppData\Local\GitHubDesktop\bin;C:\Users\welcome\AppData\Local\Programs\Microsoft VS Code\bin;C:\Users\welcome\AppData\Roaming\npm;C:\Program Files\JetBrains\DataGrip 2023.1.1\bin;
USERNAME=welcome
OS=Windows_NT
PROCESSOR_IDENTIFIER=Intel64 Family 6 Model 165 Stepping 3, GenuineIntel



---------------  S Y S T E M  ---------------

OS: Windows 10 , 64 bit Build 19041 (10.0.19041.3031)
OS uptime: 3 days 23:55 hours

CPU:total 12 (initial active 12) (6 cores per cpu, 2 threads per core) family 6 model 165 stepping 3, cmov, cx8, fxsr, mmx, sse, sse2, sse3, ssse3, sse4.1, sse4.2, popcnt, avx, avx2, aes, clmul, erms, 3dnowpref, lzcnt, ht, tsc, tscinvbit, bmi1, bmi2, adx, fma

Memory: 4k page, system-wide physical 16213M (1572M free)
TotalPageFile size 28501M (AvailPageFile size 15M)
current process WorkingSet (physical memory assigned to process): 245M, peak: 245M
current process commit charge ("private bytes"): 364M, peak: 399M

vm_info: OpenJDK 64-Bit Server VM (13.0.13+5-MTS) for windows-amd64 JRE (13.0.13+5-MTS) (Zulu13.52+15-CA), built on Oct  9 2022 10:53:20 by "zulu_re" with MS VC++ 15.9 (VS2017)

END.
