#
# There is insufficient memory for the Java Runtime Environment to continue.
# Native memory allocation (mmap) failed to map 266338304 bytes for Failed to commit area from 0x0000000702a00000 to 0x0000000712800000 of length 266338304.
# Possible reasons:
#   The system is out of physical RAM or swap space
#   The process is running with CompressedOops enabled, and the Java Heap may be blocking the growth of the native heap
# Possible solutions:
#   Reduce memory load on the system
#   Increase physical memory or swap space
#   Check if swap backing store is full
#   Decrease Java heap size (-Xmx/-Xms)
#   Decrease number of Java threads
#   Decrease Java thread stack sizes (-Xss)
#   Set larger code cache with -XX:ReservedCodeCacheSize=
# This output file may be truncated or incomplete.
#
#  Out of Memory Error (./src/hotspot/os/windows/os_windows.cpp:3329), pid=18588, tid=8788
#
# JRE version:  (13.0.13+5) (build )
# Java VM: OpenJDK 64-Bit Server VM (13.0.13+5-MTS, mixed mode, sharing, tiered, compressed oops, g1 gc, windows-amd64)
# No core dump will be written. Minidumps are not enabled by default on client versions of Windows
#

---------------  S U M M A R Y ------------

Command Line: -Dfile.encoding=windows-1252 -Duser.country=US -Duser.language=en -Duser.variant com.example.vms.VmsApplication

Host: Intel(R) Core(TM) i5-10400 CPU @ 2.90GHz, 12 cores, 15G,  Windows 10 , 64 bit Build 19041 (10.0.19041.3031)
Time: Fri Aug  4 14:57:34 2023 SE Asia Standard Time elapsed time: 0.006893 seconds (0d 0h 0m 0s)

---------------  T H R E A D  ---------------

Current thread (0x000001ad7f1b2800):  JavaThread "Unknown thread" [_thread_in_vm, id=8788, stack(0x0000009d45700000,0x0000009d45800000)]

Stack: [0x0000009d45700000,0x0000009d45800000]
Native frames: (J=compiled Java code, j=interpreted, Vv=VM code, C=native code)
V  [jvm.dll+0x637d3a]
V  [jvm.dll+0x7e508a]
V  [jvm.dll+0x7e6743]
V  [jvm.dll+0x7e6d83]
V  [jvm.dll+0x2504b8]
V  [jvm.dll+0x634f2a]
V  [jvm.dll+0x629be5]
V  [jvm.dll+0x30fd0c]
V  [jvm.dll+0x30fb42]
V  [jvm.dll+0x3152b6]
V  [jvm.dll+0x35cba6]
V  [jvm.dll+0x35c380]
V  [jvm.dll+0x2ea4aa]
V  [jvm.dll+0x2eb742]
V  [jvm.dll+0x7c1ba8]
V  [jvm.dll+0x36a609]
V  [jvm.dll+0x7a3895]
V  [jvm.dll+0x3d7c2f]
V  [jvm.dll+0x3da1a1]
C  [jli.dll+0x520f]
C  [ucrtbase.dll+0x21bb2]
C  [KERNEL32.DLL+0x17614]
C  [ntdll.dll+0x526f1]


---------------  P R O C E S S  ---------------

Threads class SMR info:
_java_thread_list=0x00007ff9a58e07d8, length=0, elements={
}

Java Threads: ( => current thread )

Other Threads:
  0x000001ad7f21e000 GCTaskThread "GC Thread#0" [stack: 0x0000009d45800000,0x0000009d45900000] [id=19908]
  0x000001ad7f23f800 ConcurrentGCThread "G1 Main Marker" [stack: 0x0000009d45900000,0x0000009d45a00000] [id=19376]
  0x000001ad7f241000 ConcurrentGCThread "G1 Conc#0" [stack: 0x0000009d45a00000,0x0000009d45b00000] [id=13892]

[error occurred during error reporting (printing all threads), id 0xc0000005, EXCEPTION_ACCESS_VIOLATION (0xc0000005) at pc=0x00007ff9a508a427]

VM state:not at safepoint (not fully initialized)

VM Mutex/Monitor currently owned by a thread:  ([mutex/lock_event])
[0x000001ad7f1ae260] Heap_lock - owner thread: 0x000001ad7f1b2800

Heap address: 0x0000000702a00000, size: 4054 MB, Compressed Oops mode: Non-zero based: 0x0000000702a00000
Narrow klass base: 0x0000000000000000, Narrow klass shift: 0

GC Heap History (0 events):
No events

Deoptimization events (0 events):
No events

Classes unloaded (0 events):
No events

Classes redefined (0 events):
No events

Internal exceptions (0 events):
No events

Events (1 events):
Event: 0.004 Loaded shared library C:\Users\welcome\.jdks\azul-13.0.13\bin\zip.dll


Dynamic libraries:
0x00007ff71d650000 - 0x00007ff71d65d000 	C:\Users\welcome\.jdks\azul-13.0.13\bin\java.exe
0x00007ff9ea8b0000 - 0x00007ff9eaaa8000 	C:\Windows\SYSTEM32\ntdll.dll
0x00007ff9e89e0000 - 0x00007ff9e8a9f000 	C:\Windows\System32\KERNEL32.DLL
0x00007ff9e80f0000 - 0x00007ff9e83e6000 	C:\Windows\System32\KERNELBASE.dll
0x00007ff9e83f0000 - 0x00007ff9e84f0000 	C:\Windows\System32\ucrtbase.dll
0x00007ff9d2850000 - 0x00007ff9d2867000 	C:\Users\welcome\.jdks\azul-13.0.13\bin\jli.dll
0x00007ff9d2a60000 - 0x00007ff9d2a75000 	C:\Users\welcome\.jdks\azul-13.0.13\bin\VCRUNTIME140.dll
0x00007ff9ea590000 - 0x00007ff9ea72d000 	C:\Windows\System32\USER32.dll
0x00007ff9e86f0000 - 0x00007ff9e8712000 	C:\Windows\System32\win32u.dll
0x00007ff9c2ef0000 - 0x00007ff9c318a000 	C:\Windows\WinSxS\amd64_microsoft.windows.common-controls_6595b64144ccf1df_6.0.19041.1110_none_60b5254171f9507e\COMCTL32.dll
0x00007ff9ea840000 - 0x00007ff9ea86c000 	C:\Windows\System32\GDI32.dll
0x00007ff9ea730000 - 0x00007ff9ea7ce000 	C:\Windows\System32\msvcrt.dll
0x00007ff9e8540000 - 0x00007ff9e8655000 	C:\Windows\System32\gdi32full.dll
0x00007ff9e8790000 - 0x00007ff9e882d000 	C:\Windows\System32\msvcp_win.dll
0x00007ff9e8ef0000 - 0x00007ff9e8f20000 	C:\Windows\System32\IMM32.DLL
0x00007ff9bd860000 - 0x00007ff9bd8fb000 	C:\Users\welcome\.jdks\azul-13.0.13\bin\msvcp140.dll
0x00007ff9a4d90000 - 0x00007ff9a5988000 	C:\Users\welcome\.jdks\azul-13.0.13\bin\server\jvm.dll
0x00007ff9e8ce0000 - 0x00007ff9e8d8f000 	C:\Windows\System32\ADVAPI32.dll
0x00007ff9e9740000 - 0x00007ff9e97dc000 	C:\Windows\System32\sechost.dll
0x00007ff9ea460000 - 0x00007ff9ea586000 	C:\Windows\System32\RPCRT4.dll
0x00007ff9ea450000 - 0x00007ff9ea458000 	C:\Windows\System32\PSAPI.DLL
0x00007ff9d1f00000 - 0x00007ff9d1f09000 	C:\Windows\SYSTEM32\WSOCK32.dll
0x00007ff9ea7d0000 - 0x00007ff9ea83b000 	C:\Windows\System32\WS2_32.dll
0x00007ff9d1d30000 - 0x00007ff9d1d57000 	C:\Windows\SYSTEM32\WINMM.dll
0x00007ff9e3130000 - 0x00007ff9e313a000 	C:\Windows\SYSTEM32\VERSION.dll
0x00007ff9e5e60000 - 0x00007ff9e5e72000 	C:\Windows\SYSTEM32\kernel.appcore.dll
0x00007ff9d3ee0000 - 0x00007ff9d3ef0000 	C:\Users\welcome\.jdks\azul-13.0.13\bin\verify.dll
0x00007ff9d5770000 - 0x00007ff9d5954000 	C:\Windows\SYSTEM32\DBGHELP.DLL
0x00007ff9d4730000 - 0x00007ff9d4764000 	C:\Windows\SYSTEM32\dbgcore.DLL
0x00007ff9e8660000 - 0x00007ff9e86e2000 	C:\Windows\System32\bcryptPrimitives.dll
0x00007ff9d2670000 - 0x00007ff9d2696000 	C:\Users\welcome\.jdks\azul-13.0.13\bin\java.dll
0x00007ff9d3b40000 - 0x00007ff9d3b4a000 	C:\Users\welcome\.jdks\azul-13.0.13\bin\jimage.dll
0x00007ff9d1540000 - 0x00007ff9d1557000 	C:\Users\welcome\.jdks\azul-13.0.13\bin\zip.dll

dbghelp: loaded successfully - version: 4.0.5 - missing functions: none
symbol engine: initialized successfully - sym options: 0x614 - pdb path: .;C:\Users\welcome\.jdks\azul-13.0.13\bin;C:\Windows\SYSTEM32;C:\Windows\WinSxS\amd64_microsoft.windows.common-controls_6595b64144ccf1df_6.0.19041.1110_none_60b5254171f9507e;C:\Users\welcome\.jdks\azul-13.0.13\bin\server

VM Arguments:
jvm_args: -Dfile.encoding=windows-1252 -Duser.country=US -Duser.language=en -Duser.variant 
java_command: com.example.vms.VmsApplication
java_class_path (initial): D:\BE_Shop\vms\build\classes\java\main;D:\BE_Shop\vms\build\resources\main;C:\Users\welcome\.gradle\caches\modules-2\files-2.1\org.springframework.boot\spring-boot-devtools\2.4.0\c5db16eb1454c26665bc61cd21c3f654714e0ff4\spring-boot-devtools-2.4.0.jar;C:\Users\welcome\.gradle\caches\modules-2\files-2.1\org.springframework.boot\spring-boot-starter-data-jdbc\2.4.0\d780efaff844f44de32b4923365157ea5df601d2\spring-boot-starter-data-jdbc-2.4.0.jar;C:\Users\welcome\.gradle\caches\modules-2\files-2.1\org.springframework.boot\spring-boot-starter-data-jpa\2.4.0\fd0c82c6582c09f9525e40d79e06c314d81daa9d\spring-boot-starter-data-jpa-2.4.0.jar;C:\Users\welcome\.gradle\caches\modules-2\files-2.1\org.springframework.boot\spring-boot-starter-security\2.4.0\3b09f9101c0d7c23eb34ca67e933b0bcf7c28931\spring-boot-starter-security-2.4.0.jar;C:\Users\welcome\.gradle\caches\modules-2\files-2.1\org.springframework.boot\spring-boot-starter-thymeleaf\2.4.0\ca0c7db4016cebd7609272f63b05ea61f687a730\spring-boot-starter-thymeleaf-2.4.0.jar;C:\Users\welcome\.gradle\caches\modules-2\files-2.1\org.springframework.boot\spring-boot-starter-websocket\2.4.0\cb45ee6b5c4f2c0c993ab7c6dd62f0c1624b58d0\spring-boot-starter-websocket-2.4.0.jar;C:\Users\welcome\.gradle\caches\modules-2\files-2.1\org.springframework.boot\spring-boot-starter-web\2.4.0\4bdd422c370d1d66ffc12ecafdecc70cad406367\spring-boot-starter-web-2.4.0.jar;C:\Users\welcome\.gradle\caches\modules-2\files-2.1\org.springframework.boot\spring-boot-starter-validation\2.4.0\739a3c3d0b08be3c8dfbed08c26b6a633148e186\spring-boot-starter-validation-2.4.0.jar;C:\Users\welcome\.gradle\caches\modules-2\files-2.1\io.jsonwebtoken\jjwt\0.9.1\54d2abfc3e63a28824d35bf600d6a5d627da681a\jjwt-0.9.1.jar;C:\Users\welcome\.gradle\caches\modules-2\files-2.1\org.json\json\20180813\8566b2b0391d9d4479ea225645c6ed47ef17fe41\json-20180813.jar;C:\Users\welcome\.gradle\caches\modules-2\files-2.1\org.postgresql\postgresql\42.2.18\a0a9c1d43c7727eeaf1b7
Launcher Type: SUN_STANDARD

[Global flags]
     intx CICompilerCount                          = 4                                         {product} {ergonomic}
     uint ConcGCThreads                            = 3                                         {product} {ergonomic}
     uint G1ConcRefinementThreads                  = 10                                        {product} {ergonomic}
   size_t G1HeapRegionSize                         = 1048576                                   {product} {ergonomic}
    uintx GCDrainStackTargetSize                   = 64                                        {product} {ergonomic}
   size_t InitialHeapSize                          = 266338304                                 {product} {ergonomic}
   size_t MarkStackSize                            = 4194304                                   {product} {ergonomic}
   size_t MaxHeapSize                              = 4250927104                                {product} {ergonomic}
   size_t MinHeapDeltaBytes                        = 1048576                                   {product} {ergonomic}
   size_t MinHeapSize                              = 8388608                                   {product} {ergonomic}
    uintx NonNMethodCodeHeapSize                   = 5839372                                {pd product} {ergonomic}
    uintx NonProfiledCodeHeapSize                  = 122909434                              {pd product} {ergonomic}
    uintx ProfiledCodeHeapSize                     = 122909434                              {pd product} {ergonomic}
    uintx ReservedCodeCacheSize                    = 251658240                              {pd product} {ergonomic}
     bool SegmentedCodeCache                       = true                                      {product} {ergonomic}
   size_t SoftMaxHeapSize                          = 4250927104                             {manageable} {ergonomic}
     bool UseCompressedClassPointers               = true                                 {lp64_product} {ergonomic}
     bool UseCompressedOops                        = true                                 {lp64_product} {ergonomic}
     bool UseG1GC                                  = true                                      {product} {ergonomic}
     bool UseLargePagesIndividualAllocation        = false                                  {pd product} {ergonomic}

Logging:
Log output configuration:
 #0: stdout all=warning uptime,level,tags
 #1: stderr all=off uptime,level,tags

Environment Variables:
PATH=C:\Windows\system32;C:\Windows;C:\Windows\System32\Wbem;C:\Windows\System32\WindowsPowerShell\v1.0\;C:\Windows\System32\OpenSSH\;C:\Program Files (x86)\NVIDIA Corporation\PhysX\Common;C:\Program Files\TortoiseSVN\bin;C:\Program Files\Java\jdk1.7.0_80\bin;D:\tu\PlayFramework\play-2.1.1;C:\Program Files\Git\cmd;C:\Program Files\Microsoft SQL Server\150\Tools\Binn\;C:\Program Files\nodejs\;C:\Program Files\PuTTY\;C:\Program Files\MySQL\MySQL Shell 8.0\bin\;C:\Users\welcome\AppData\Local\Microsoft\WindowsApps;C:\Program Files\JetBrains\IntelliJ IDEA 2022.1.2\bin;;C:\Program Files\JetBrains\JetBrains Rider 2019.1.2\bin;;C:\Users\welcome\AppData\Local\GitHubDesktop\bin;C:\Users\welcome\AppData\Local\Programs\Microsoft VS Code\bin;C:\Users\welcome\AppData\Roaming\npm;C:\Program Files\JetBrains\DataGrip 2023.1.1\bin;
USERNAME=welcome
OS=Windows_NT
PROCESSOR_IDENTIFIER=Intel64 Family 6 Model 165 Stepping 3, GenuineIntel



---------------  S Y S T E M  ---------------

OS: Windows 10 , 64 bit Build 19041 (10.0.19041.3031)
OS uptime: 3 days 23:56 hours

CPU:total 12 (initial active 12) (6 cores per cpu, 2 threads per core) family 6 model 165 stepping 3, cmov, cx8, fxsr, mmx, sse, sse2, sse3, ssse3, sse4.1, sse4.2, popcnt, avx, avx2, aes, clmul, erms, 3dnowpref, lzcnt, ht, tsc, tscinvbit, bmi1, bmi2, adx, fma

Memory: 4k page, system-wide physical 16213M (1824M free)
TotalPageFile size 28501M (AvailPageFile size 105M)
current process WorkingSet (physical memory assigned to process): 10M, peak: 10M
current process commit charge ("private bytes"): 65M, peak: 319M

vm_info: OpenJDK 64-Bit Server VM (13.0.13+5-MTS) for windows-amd64 JRE (13.0.13+5-MTS) (Zulu13.52+15-CA), built on Oct  9 2022 10:53:20 by "zulu_re" with MS VC++ 15.9 (VS2017)

END.
